*** Start analyzing build configuration ***
*** List of included argument files ***
    Build configuration file:  E:\Users\hp\Desktop\路科验证_V2课程资料(1)\虚拟项目 I2C\虚拟项目 I2C\实验代码版本\rkv_v2pro_i2c-RKV_I2C_TB_05\rkv_i2c_tb\.dvt\default.build
    -f E:\Users\hp\Desktop\路科验证_V2课程资料(1)\虚拟项目 I2C\虚拟项目 I2C\实验代码版本\rkv_v2pro_i2c-RKV_I2C_TB_05\rkv_i2c_tb\sim\rkv_i2c.dvt.flist
*** List of invocations ***
Invocation #1 +dvt_init+dvt in E:\Users\hp\Desktop\路科验证_V2课程资料(1)\虚拟项目 I2C\虚拟项目 I2C\实验代码版本\rkv_v2pro_i2c-RKV_I2C_TB_05\rkv_i2c_tb\.dvt\default.build at line 3
*** Done analyzing build configuration [45 ms] ***
*** Start SystemVerilog build ***
*** Loading top files ***
Loading (1) E:\dvt_eclipse\predefined_projects\libs\uvm-1.2\src\uvm_pkg.sv ...
Loading (2) E:\dvt_eclipse\predefined_projects\libs\uvm-1.2\src\uvm_macros.svh ...
Loading (3) E:\dvt_eclipse\predefined_projects\libs\uvm-1.2\src\macros\uvm_version_defines.svh ...
Done E:\dvt_eclipse\predefined_projects\libs\uvm-1.2\src\macros\uvm_version_defines.svh [111 ms, 151 lines, SystemVerilog_2012] ...
Loading (4) E:\dvt_eclipse\predefined_projects\libs\uvm-1.2\src\macros\uvm_global_defines.svh ...
Done E:\dvt_eclipse\predefined_projects\libs\uvm-1.2\src\macros\uvm_global_defines.svh [0 ms, 61 lines, SystemVerilog_2012] ...
Loading (5) E:\dvt_eclipse\predefined_projects\libs\uvm-1.2\src\macros\uvm_message_defines.svh ...
Done E:\dvt_eclipse\predefined_projects\libs\uvm-1.2\src\macros\uvm_message_defines.svh [0 ms, 539 lines, SystemVerilog_2012] ...
Loading (6) E:\dvt_eclipse\predefined_projects\libs\uvm-1.2\src\macros\uvm_phase_defines.svh ...
Done E:\dvt_eclipse\predefined_projects\libs\uvm-1.2\src\macros\uvm_phase_defines.svh [0 ms, 130 lines, SystemVerilog_2012] ...
Loading (7) E:\dvt_eclipse\predefined_projects\libs\uvm-1.2\src\macros\uvm_object_defines.svh ...
Done E:\dvt_eclipse\predefined_projects\libs\uvm-1.2\src\macros\uvm_object_defines.svh [62 ms, 3815 lines, SystemVerilog_2012] ...
Loading (8) E:\dvt_eclipse\predefined_projects\libs\uvm-1.2\src\macros\uvm_printer_defines.svh ...
Done E:\dvt_eclipse\predefined_projects\libs\uvm-1.2\src\macros\uvm_printer_defines.svh [0 ms, 423 lines, SystemVerilog_2012] ...
Loading (9) E:\dvt_eclipse\predefined_projects\libs\uvm-1.2\src\macros\uvm_tlm_defines.svh ...
Loading (10) E:\dvt_eclipse\predefined_projects\libs\uvm-1.2\src\tlm1\uvm_tlm_imps.svh ...
Done E:\dvt_eclipse\predefined_projects\libs\uvm-1.2\src\tlm1\uvm_tlm_imps.svh [0 ms, 229 lines, SystemVerilog_2012] ...
Done E:\dvt_eclipse\predefined_projects\libs\uvm-1.2\src\macros\uvm_tlm_defines.svh [0 ms, 617 lines, SystemVerilog_2012] ...
Loading (11) E:\dvt_eclipse\predefined_projects\libs\uvm-1.2\src\macros\uvm_sequence_defines.svh ...
Done E:\dvt_eclipse\predefined_projects\libs\uvm-1.2\src\macros\uvm_sequence_defines.svh [63 ms, 456 lines, SystemVerilog_2012] ...
Loading (12) E:\dvt_eclipse\predefined_projects\libs\uvm-1.2\src\macros\uvm_callback_defines.svh ...
Done E:\dvt_eclipse\predefined_projects\libs\uvm-1.2\src\macros\uvm_callback_defines.svh [0 ms, 301 lines, SystemVerilog_2012] ...
Loading (13) E:\dvt_eclipse\predefined_projects\libs\uvm-1.2\src\macros\uvm_reg_defines.svh ...
Done E:\dvt_eclipse\predefined_projects\libs\uvm-1.2\src\macros\uvm_reg_defines.svh [0 ms, 69 lines, SystemVerilog_2012] ...
Loading (14) E:\dvt_eclipse\predefined_projects\libs\uvm-1.2\src\macros\uvm_deprecated_defines.svh ...
Done E:\dvt_eclipse\predefined_projects\libs\uvm-1.2\src\macros\uvm_deprecated_defines.svh [0 ms, 252 lines, SystemVerilog_2012] ...
Done E:\dvt_eclipse\predefined_projects\libs\uvm-1.2\src\uvm_macros.svh [0 ms, 82 lines, SystemVerilog_2012] ...
Loading (15) E:\dvt_eclipse\predefined_projects\libs\uvm-1.2\src\dpi\uvm_dpi.svh ...
Loading (16) E:\dvt_eclipse\predefined_projects\libs\uvm-1.2\src\dpi\uvm_hdl.svh ...
Done E:\dvt_eclipse\predefined_projects\libs\uvm-1.2\src\dpi\uvm_hdl.svh [0 ms, 164 lines, SystemVerilog_2012] ...
Loading (17) E:\dvt_eclipse\predefined_projects\libs\uvm-1.2\src\dpi\uvm_svcmd_dpi.svh ...
Done E:\dvt_eclipse\predefined_projects\libs\uvm-1.2\src\dpi\uvm_svcmd_dpi.svh [0 ms, 66 lines, SystemVerilog_2012] ...
Loading (18) E:\dvt_eclipse\predefined_projects\libs\uvm-1.2\src\dpi\uvm_regex.svh ...
Done E:\dvt_eclipse\predefined_projects\libs\uvm-1.2\src\dpi\uvm_regex.svh [0 ms, 89 lines, SystemVerilog_2012] ...
Done E:\dvt_eclipse\predefined_projects\libs\uvm-1.2\src\dpi\uvm_dpi.svh [0 ms, 44 lines, SystemVerilog_2012] ...
Loading (19) E:\dvt_eclipse\predefined_projects\libs\uvm-1.2\src\base\uvm_base.svh ...
Loading (20) E:\dvt_eclipse\predefined_projects\libs\uvm-1.2\src\base\uvm_coreservice.svh ...
Done E:\dvt_eclipse\predefined_projects\libs\uvm-1.2\src\base\uvm_coreservice.svh [0 ms, 224 lines, SystemVerilog_2012] ...
Loading (21) E:\dvt_eclipse\predefined_projects\libs\uvm-1.2\src\base\uvm_version.svh ...
Done E:\dvt_eclipse\predefined_projects\libs\uvm-1.2\src\base\uvm_version.svh [0 ms, 39 lines, SystemVerilog_2012] ...
Loading (22) E:\dvt_eclipse\predefined_projects\libs\uvm-1.2\src\base\uvm_object_globals.svh ...
Done E:\dvt_eclipse\predefined_projects\libs\uvm-1.2\src\base\uvm_object_globals.svh [15 ms, 658 lines, SystemVerilog_2012] ...
Loading (23) E:\dvt_eclipse\predefined_projects\libs\uvm-1.2\src\base\uvm_misc.svh ...
Done E:\dvt_eclipse\predefined_projects\libs\uvm-1.2\src\base\uvm_misc.svh [16 ms, 754 lines, SystemVerilog_2012] ...
Loading (24) E:\dvt_eclipse\predefined_projects\libs\uvm-1.2\src\base\uvm_object.svh ...
Done E:\dvt_eclipse\predefined_projects\libs\uvm-1.2\src\base\uvm_object.svh [16 ms, 1331 lines, SystemVerilog_2012] ...
Loading (25) E:\dvt_eclipse\predefined_projects\libs\uvm-1.2\src\base\uvm_pool.svh ...
Done E:\dvt_eclipse\predefined_projects\libs\uvm-1.2\src\base\uvm_pool.svh [15 ms, 348 lines, SystemVerilog_2012] ...
Loading (26) E:\dvt_eclipse\predefined_projects\libs\uvm-1.2\src\base\uvm_queue.svh ...
Done E:\dvt_eclipse\predefined_projects\libs\uvm-1.2\src\base\uvm_queue.svh [0 ms, 204 lines, SystemVerilog_2012] ...
Loading (27) E:\dvt_eclipse\predefined_projects\libs\uvm-1.2\src\base\uvm_factory.svh ...
Done E:\dvt_eclipse\predefined_projects\libs\uvm-1.2\src\base\uvm_factory.svh [31 ms, 1790 lines, SystemVerilog_2012] ...
Loading (28) E:\dvt_eclipse\predefined_projects\libs\uvm-1.2\src\base\uvm_registry.svh ...
Done E:\dvt_eclipse\predefined_projects\libs\uvm-1.2\src\base\uvm_registry.svh [16 ms, 381 lines, SystemVerilog_2012] ...
Loading (29) E:\dvt_eclipse\predefined_projects\libs\uvm-1.2\src\base\uvm_spell_chkr.svh ...
Done E:\dvt_eclipse\predefined_projects\libs\uvm-1.2\src\base\uvm_spell_chkr.svh [0 ms, 204 lines, SystemVerilog_2012] ...
Loading (30) E:\dvt_eclipse\predefined_projects\libs\uvm-1.2\src\base\uvm_resource.svh ...
Done E:\dvt_eclipse\predefined_projects\libs\uvm-1.2\src\base\uvm_resource.svh [16 ms, 1695 lines, SystemVerilog_2012] ...
Loading (31) E:\dvt_eclipse\predefined_projects\libs\uvm-1.2\src\base\uvm_resource_specializations.svh ...
Done E:\dvt_eclipse\predefined_projects\libs\uvm-1.2\src\base\uvm_resource_specializations.svh [15 ms, 171 lines, SystemVerilog_2012] ...
Loading (32) E:\dvt_eclipse\predefined_projects\libs\uvm-1.2\src\base\uvm_resource_db.svh ...
Done E:\dvt_eclipse\predefined_projects\libs\uvm-1.2\src\base\uvm_resource_db.svh [0 ms, 400 lines, SystemVerilog_2012] ...
Loading (33) E:\dvt_eclipse\predefined_projects\libs\uvm-1.2\src\base\uvm_config_db.svh ...
Done E:\dvt_eclipse\predefined_projects\libs\uvm-1.2\src\base\uvm_config_db.svh [16 ms, 411 lines, SystemVerilog_2012] ...
Loading (34) E:\dvt_eclipse\predefined_projects\libs\uvm-1.2\src\base\uvm_printer.svh ...
Done E:\dvt_eclipse\predefined_projects\libs\uvm-1.2\src\base\uvm_printer.svh [31 ms, 1232 lines, SystemVerilog_2012] ...
Loading (35) E:\dvt_eclipse\predefined_projects\libs\uvm-1.2\src\base\uvm_comparer.svh ...
Done E:\dvt_eclipse\predefined_projects\libs\uvm-1.2\src\base\uvm_comparer.svh [0 ms, 423 lines, SystemVerilog_2012] ...
Loading (36) E:\dvt_eclipse\predefined_projects\libs\uvm-1.2\src\base\uvm_packer.svh ...
Done E:\dvt_eclipse\predefined_projects\libs\uvm-1.2\src\base\uvm_packer.svh [31 ms, 1038 lines, SystemVerilog_2012] ...
Loading (37) E:\dvt_eclipse\predefined_projects\libs\uvm-1.2\src\base\uvm_links.svh ...
Done E:\dvt_eclipse\predefined_projects\libs\uvm-1.2\src\base\uvm_links.svh [16 ms, 371 lines, SystemVerilog_2012] ...
Loading (38) E:\dvt_eclipse\predefined_projects\libs\uvm-1.2\src\base\uvm_tr_database.svh ...
Done E:\dvt_eclipse\predefined_projects\libs\uvm-1.2\src\base\uvm_tr_database.svh [16 ms, 433 lines, SystemVerilog_2012] ...
Loading (39) E:\dvt_eclipse\predefined_projects\libs\uvm-1.2\src\base\uvm_tr_stream.svh ...
Done E:\dvt_eclipse\predefined_projects\libs\uvm-1.2\src\base\uvm_tr_stream.svh [15 ms, 592 lines, SystemVerilog_2012] ...
Loading (40) E:\dvt_eclipse\predefined_projects\libs\uvm-1.2\src\base\uvm_recorder.svh ...
Done E:\dvt_eclipse\predefined_projects\libs\uvm-1.2\src\base\uvm_recorder.svh [16 ms, 1141 lines, SystemVerilog_2012] ...
Loading (41) E:\dvt_eclipse\predefined_projects\libs\uvm-1.2\src\base\uvm_event_callback.svh ...
Done E:\dvt_eclipse\predefined_projects\libs\uvm-1.2\src\base\uvm_event_callback.svh [0 ms, 91 lines, SystemVerilog_2012] ...
Loading (42) E:\dvt_eclipse\predefined_projects\libs\uvm-1.2\src\base\uvm_event.svh ...
Done E:\dvt_eclipse\predefined_projects\libs\uvm-1.2\src\base\uvm_event.svh [0 ms, 395 lines, SystemVerilog_2012] ...
Loading (43) E:\dvt_eclipse\predefined_projects\libs\uvm-1.2\src\base\uvm_barrier.svh ...
Done E:\dvt_eclipse\predefined_projects\libs\uvm-1.2\src\base\uvm_barrier.svh [15 ms, 210 lines, SystemVerilog_2012] ...
Loading (44) E:\dvt_eclipse\predefined_projects\libs\uvm-1.2\src\base\uvm_callback.svh ...
Loading (45) E:\dvt_eclipse\predefined_projects\libs\uvm-1.2\src\uvm_macros.svh ...
Done E:\dvt_eclipse\predefined_projects\libs\uvm-1.2\src\uvm_macros.svh [0 ms, 82 lines, SystemVerilog_2012] ...
Done E:\dvt_eclipse\predefined_projects\libs\uvm-1.2\src\base\uvm_callback.svh [32 ms, 1199 lines, SystemVerilog_2012] ...
Loading (46) E:\dvt_eclipse\predefined_projects\libs\uvm-1.2\src\base\uvm_report_message.svh ...
Done E:\dvt_eclipse\predefined_projects\libs\uvm-1.2\src\base\uvm_report_message.svh [15 ms, 940 lines, SystemVerilog_2012] ...
Loading (47) E:\dvt_eclipse\predefined_projects\libs\uvm-1.2\src\base\uvm_report_catcher.svh ...
Done E:\dvt_eclipse\predefined_projects\libs\uvm-1.2\src\base\uvm_report_catcher.svh [16 ms, 713 lines, SystemVerilog_2012] ...
Loading (48) E:\dvt_eclipse\predefined_projects\libs\uvm-1.2\src\base\uvm_report_server.svh ...
Done E:\dvt_eclipse\predefined_projects\libs\uvm-1.2\src\base\uvm_report_server.svh [16 ms, 923 lines, SystemVerilog_2012] ...
Loading (49) E:\dvt_eclipse\predefined_projects\libs\uvm-1.2\src\base\uvm_report_handler.svh ...
Done E:\dvt_eclipse\predefined_projects\libs\uvm-1.2\src\base\uvm_report_handler.svh [31 ms, 801 lines, SystemVerilog_2012] ...
Loading (50) E:\dvt_eclipse\predefined_projects\libs\uvm-1.2\src\base\uvm_report_object.svh ...
Done E:\dvt_eclipse\predefined_projects\libs\uvm-1.2\src\base\uvm_report_object.svh [0 ms, 660 lines, SystemVerilog_2012] ...
Loading (51) E:\dvt_eclipse\predefined_projects\libs\uvm-1.2\src\base\uvm_transaction.svh ...
Done E:\dvt_eclipse\predefined_projects\libs\uvm-1.2\src\base\uvm_transaction.svh [15 ms, 781 lines, SystemVerilog_2012] ...
Loading (52) E:\dvt_eclipse\predefined_projects\libs\uvm-1.2\src\base\uvm_phase.svh ...
Done E:\dvt_eclipse\predefined_projects\libs\uvm-1.2\src\base\uvm_phase.svh [32 ms, 2254 lines, SystemVerilog_2012] ...
Loading (53) E:\dvt_eclipse\predefined_projects\libs\uvm-1.2\src\base\uvm_domain.svh ...
Done E:\dvt_eclipse\predefined_projects\libs\uvm-1.2\src\base\uvm_domain.svh [15 ms, 219 lines, SystemVerilog_2012] ...
Loading (54) E:\dvt_eclipse\predefined_projects\libs\uvm-1.2\src\base\uvm_bottomup_phase.svh ...
Done E:\dvt_eclipse\predefined_projects\libs\uvm-1.2\src\base\uvm_bottomup_phase.svh [0 ms, 113 lines, SystemVerilog_2012] ...
Loading (55) E:\dvt_eclipse\predefined_projects\libs\uvm-1.2\src\base\uvm_topdown_phase.svh ...
Done E:\dvt_eclipse\predefined_projects\libs\uvm-1.2\src\base\uvm_topdown_phase.svh [0 ms, 115 lines, SystemVerilog_2012] ...
Loading (56) E:\dvt_eclipse\predefined_projects\libs\uvm-1.2\src\base\uvm_task_phase.svh ...
Done E:\dvt_eclipse\predefined_projects\libs\uvm-1.2\src\base\uvm_task_phase.svh [0 ms, 162 lines, SystemVerilog_2012] ...
Loading (57) E:\dvt_eclipse\predefined_projects\libs\uvm-1.2\src\base\uvm_common_phases.svh ...
Done E:\dvt_eclipse\predefined_projects\libs\uvm-1.2\src\base\uvm_common_phases.svh [0 ms, 452 lines, SystemVerilog_2012] ...
Loading (58) E:\dvt_eclipse\predefined_projects\libs\uvm-1.2\src\base\uvm_runtime_phases.svh ...
Done E:\dvt_eclipse\predefined_projects\libs\uvm-1.2\src\base\uvm_runtime_phases.svh [0 ms, 556 lines, SystemVerilog_2012] ...
Loading (59) E:\dvt_eclipse\predefined_projects\libs\uvm-1.2\src\base\uvm_component.svh ...
Loading (60) E:\dvt_eclipse\predefined_projects\libs\uvm-1.2\src\base\uvm_root.svh ...
Done E:\dvt_eclipse\predefined_projects\libs\uvm-1.2\src\base\uvm_root.svh [41 ms, 1073 lines, SystemVerilog_2012] ...
Done E:\dvt_eclipse\predefined_projects\libs\uvm-1.2\src\base\uvm_component.svh [47 ms, 3639 lines, SystemVerilog_2012] ...
Loading (61) E:\dvt_eclipse\predefined_projects\libs\uvm-1.2\src\base\uvm_objection.svh ...
Done E:\dvt_eclipse\predefined_projects\libs\uvm-1.2\src\base\uvm_objection.svh [29 ms, 1454 lines, SystemVerilog_2012] ...
Loading (62) E:\dvt_eclipse\predefined_projects\libs\uvm-1.2\src\base\uvm_heartbeat.svh ...
Done E:\dvt_eclipse\predefined_projects\libs\uvm-1.2\src\base\uvm_heartbeat.svh [8 ms, 342 lines, SystemVerilog_2012] ...
Loading (63) E:\dvt_eclipse\predefined_projects\libs\uvm-1.2\src\base\uvm_globals.svh ...
Done E:\dvt_eclipse\predefined_projects\libs\uvm-1.2\src\base\uvm_globals.svh [9 ms, 565 lines, SystemVerilog_2012] ...
Loading (64) E:\dvt_eclipse\predefined_projects\libs\uvm-1.2\src\base\uvm_cmdline_processor.svh ...
Done E:\dvt_eclipse\predefined_projects\libs\uvm-1.2\src\base\uvm_cmdline_processor.svh [5 ms, 462 lines, SystemVerilog_2012] ...
Loading (65) E:\dvt_eclipse\predefined_projects\libs\uvm-1.2\src\base\uvm_traversal.svh ...
Done E:\dvt_eclipse\predefined_projects\libs\uvm-1.2\src\base\uvm_traversal.svh [7 ms, 289 lines, SystemVerilog_2012] ...
Done E:\dvt_eclipse\predefined_projects\libs\uvm-1.2\src\base\uvm_base.svh [0 ms, 113 lines, SystemVerilog_2012] ...
Loading (66) E:\dvt_eclipse\predefined_projects\libs\uvm-1.2\src\dap\uvm_dap.svh ...
Loading (67) E:\dvt_eclipse\predefined_projects\libs\uvm-1.2\src\dap\uvm_set_get_dap_base.svh ...
Done E:\dvt_eclipse\predefined_projects\libs\uvm-1.2\src\dap\uvm_set_get_dap_base.svh [1 ms, 84 lines, SystemVerilog_2012] ...
Loading (68) E:\dvt_eclipse\predefined_projects\libs\uvm-1.2\src\dap\uvm_simple_lock_dap.svh ...
Done E:\dvt_eclipse\predefined_projects\libs\uvm-1.2\src\dap\uvm_simple_lock_dap.svh [4 ms, 179 lines, SystemVerilog_2012] ...
Loading (69) E:\dvt_eclipse\predefined_projects\libs\uvm-1.2\src\dap\uvm_get_to_lock_dap.svh ...
Done E:\dvt_eclipse\predefined_projects\libs\uvm-1.2\src\dap\uvm_get_to_lock_dap.svh [4 ms, 155 lines, SystemVerilog_2012] ...
Loading (70) E:\dvt_eclipse\predefined_projects\libs\uvm-1.2\src\dap\uvm_set_before_get_dap.svh ...
Done E:\dvt_eclipse\predefined_projects\libs\uvm-1.2\src\dap\uvm_set_before_get_dap.svh [4 ms, 185 lines, SystemVerilog_2012] ...
Done E:\dvt_eclipse\predefined_projects\libs\uvm-1.2\src\dap\uvm_dap.svh [0 ms, 35 lines, SystemVerilog_2012] ...
Loading (71) E:\dvt_eclipse\predefined_projects\libs\uvm-1.2\src\tlm1\uvm_tlm.svh ...
Loading (72) E:\dvt_eclipse\predefined_projects\libs\uvm-1.2\src\tlm1\uvm_tlm_ifs.svh ...
Done E:\dvt_eclipse\predefined_projects\libs\uvm-1.2\src\tlm1\uvm_tlm_ifs.svh [3 ms, 219 lines, SystemVerilog_2012] ...
Loading (73) E:\dvt_eclipse\predefined_projects\libs\uvm-1.2\src\tlm1\uvm_sqr_ifs.svh ...
Done E:\dvt_eclipse\predefined_projects\libs\uvm-1.2\src\tlm1\uvm_sqr_ifs.svh [2 ms, 253 lines, SystemVerilog_2012] ...
Loading (74) E:\dvt_eclipse\predefined_projects\libs\uvm-1.2\src\base\uvm_port_base.svh ...
Done E:\dvt_eclipse\predefined_projects\libs\uvm-1.2\src\base\uvm_port_base.svh [7 ms, 793 lines, SystemVerilog_2012] ...
Loading (75) E:\dvt_eclipse\predefined_projects\libs\uvm-1.2\src\tlm1\uvm_tlm_imps.svh ...
Done E:\dvt_eclipse\predefined_projects\libs\uvm-1.2\src\tlm1\uvm_tlm_imps.svh [0 ms, 229 lines, SystemVerilog_2012] ...
Loading (76) E:\dvt_eclipse\predefined_projects\libs\uvm-1.2\src\tlm1\uvm_imps.svh ...
Done E:\dvt_eclipse\predefined_projects\libs\uvm-1.2\src\tlm1\uvm_imps.svh [15 ms, 317 lines, SystemVerilog_2012] ...
Loading (77) E:\dvt_eclipse\predefined_projects\libs\uvm-1.2\src\tlm1\uvm_ports.svh ...
Done E:\dvt_eclipse\predefined_projects\libs\uvm-1.2\src\tlm1\uvm_ports.svh [16 ms, 263 lines, SystemVerilog_2012] ...
Loading (78) E:\dvt_eclipse\predefined_projects\libs\uvm-1.2\src\tlm1\uvm_exports.svh ...
Done E:\dvt_eclipse\predefined_projects\libs\uvm-1.2\src\tlm1\uvm_exports.svh [16 ms, 260 lines, SystemVerilog_2012] ...
Loading (79) E:\dvt_eclipse\predefined_projects\libs\uvm-1.2\src\tlm1\uvm_analysis_port.svh ...
Done E:\dvt_eclipse\predefined_projects\libs\uvm-1.2\src\tlm1\uvm_analysis_port.svh [0 ms, 156 lines, SystemVerilog_2012] ...
Loading (80) E:\dvt_eclipse\predefined_projects\libs\uvm-1.2\src\tlm1\uvm_tlm_fifo_base.svh ...
Done E:\dvt_eclipse\predefined_projects\libs\uvm-1.2\src\tlm1\uvm_tlm_fifo_base.svh [0 ms, 253 lines, SystemVerilog_2012] ...
Loading (81) E:\dvt_eclipse\predefined_projects\libs\uvm-1.2\src\tlm1\uvm_tlm_fifos.svh ...
Done E:\dvt_eclipse\predefined_projects\libs\uvm-1.2\src\tlm1\uvm_tlm_fifos.svh [0 ms, 239 lines, SystemVerilog_2012] ...
Loading (82) E:\dvt_eclipse\predefined_projects\libs\uvm-1.2\src\tlm1\uvm_tlm_req_rsp.svh ...
Done E:\dvt_eclipse\predefined_projects\libs\uvm-1.2\src\tlm1\uvm_tlm_req_rsp.svh [15 ms, 349 lines, SystemVerilog_2012] ...
Loading (83) E:\dvt_eclipse\predefined_projects\libs\uvm-1.2\src\tlm1\uvm_sqr_connections.svh ...
Done E:\dvt_eclipse\predefined_projects\libs\uvm-1.2\src\tlm1\uvm_sqr_connections.svh [0 ms, 84 lines, SystemVerilog_2012] ...
Done E:\dvt_eclipse\predefined_projects\libs\uvm-1.2\src\tlm1\uvm_tlm.svh [0 ms, 40 lines, SystemVerilog_2012] ...
Loading (84) E:\dvt_eclipse\predefined_projects\libs\uvm-1.2\src\comps\uvm_comps.svh ...
Loading (85) E:\dvt_eclipse\predefined_projects\libs\uvm-1.2\src\comps\uvm_pair.svh ...
Done E:\dvt_eclipse\predefined_projects\libs\uvm-1.2\src\comps\uvm_pair.svh [0 ms, 171 lines, SystemVerilog_2012] ...
Loading (86) E:\dvt_eclipse\predefined_projects\libs\uvm-1.2\src\comps\uvm_policies.svh ...
Done E:\dvt_eclipse\predefined_projects\libs\uvm-1.2\src\comps\uvm_policies.svh [0 ms, 142 lines, SystemVerilog_2012] ...
Loading (87) E:\dvt_eclipse\predefined_projects\libs\uvm-1.2\src\comps\uvm_in_order_comparator.svh ...
Done E:\dvt_eclipse\predefined_projects\libs\uvm-1.2\src\comps\uvm_in_order_comparator.svh [16 ms, 260 lines, SystemVerilog_2012] ...
Loading (88) E:\dvt_eclipse\predefined_projects\libs\uvm-1.2\src\comps\uvm_algorithmic_comparator.svh ...
Done E:\dvt_eclipse\predefined_projects\libs\uvm-1.2\src\comps\uvm_algorithmic_comparator.svh [0 ms, 135 lines, SystemVerilog_2012] ...
Loading (89) E:\dvt_eclipse\predefined_projects\libs\uvm-1.2\src\comps\uvm_random_stimulus.svh ...
Done E:\dvt_eclipse\predefined_projects\libs\uvm-1.2\src\comps\uvm_random_stimulus.svh [0 ms, 132 lines, SystemVerilog_2012] ...
Loading (90) E:\dvt_eclipse\predefined_projects\libs\uvm-1.2\src\comps\uvm_subscriber.svh ...
Done E:\dvt_eclipse\predefined_projects\libs\uvm-1.2\src\comps\uvm_subscriber.svh [0 ms, 68 lines, SystemVerilog_2012] ...
Loading (91) E:\dvt_eclipse\predefined_projects\libs\uvm-1.2\src\comps\uvm_monitor.svh ...
Done E:\dvt_eclipse\predefined_projects\libs\uvm-1.2\src\comps\uvm_monitor.svh [0 ms, 54 lines, SystemVerilog_2012] ...
Loading (92) E:\dvt_eclipse\predefined_projects\libs\uvm-1.2\src\comps\uvm_driver.svh ...
Done E:\dvt_eclipse\predefined_projects\libs\uvm-1.2\src\comps\uvm_driver.svh [0 ms, 89 lines, SystemVerilog_2012] ...
Loading (93) E:\dvt_eclipse\predefined_projects\libs\uvm-1.2\src\comps\uvm_push_driver.svh ...
Done E:\dvt_eclipse\predefined_projects\libs\uvm-1.2\src\comps\uvm_push_driver.svh [0 ms, 97 lines, SystemVerilog_2012] ...
Loading (94) E:\dvt_eclipse\predefined_projects\libs\uvm-1.2\src\comps\uvm_scoreboard.svh ...
Done E:\dvt_eclipse\predefined_projects\libs\uvm-1.2\src\comps\uvm_scoreboard.svh [0 ms, 56 lines, SystemVerilog_2012] ...
Loading (95) E:\dvt_eclipse\predefined_projects\libs\uvm-1.2\src\comps\uvm_agent.svh ...
Done E:\dvt_eclipse\predefined_projects\libs\uvm-1.2\src\comps\uvm_agent.svh [0 ms, 136 lines, SystemVerilog_2012] ...
Loading (96) E:\dvt_eclipse\predefined_projects\libs\uvm-1.2\src\comps\uvm_env.svh ...
Done E:\dvt_eclipse\predefined_projects\libs\uvm-1.2\src\comps\uvm_env.svh [0 ms, 54 lines, SystemVerilog_2012] ...
Loading (97) E:\dvt_eclipse\predefined_projects\libs\uvm-1.2\src\comps\uvm_test.svh ...
Done E:\dvt_eclipse\predefined_projects\libs\uvm-1.2\src\comps\uvm_test.svh [0 ms, 82 lines, SystemVerilog_2012] ...
Done E:\dvt_eclipse\predefined_projects\libs\uvm-1.2\src\comps\uvm_comps.svh [0 ms, 37 lines, SystemVerilog_2012] ...
Loading (98) E:\dvt_eclipse\predefined_projects\libs\uvm-1.2\src\seq\uvm_seq.svh ...
Loading (99) E:\dvt_eclipse\predefined_projects\libs\uvm-1.2\src\seq\uvm_sequence_item.svh ...
Done E:\dvt_eclipse\predefined_projects\libs\uvm-1.2\src\seq\uvm_sequence_item.svh [16 ms, 498 lines, SystemVerilog_2012] ...
Loading (100) E:\dvt_eclipse\predefined_projects\libs\uvm-1.2\src\seq\uvm_sequencer_base.svh ...
Done E:\dvt_eclipse\predefined_projects\libs\uvm-1.2\src\seq\uvm_sequencer_base.svh [31 ms, 1775 lines, SystemVerilog_2012] ...
Loading (101) E:\dvt_eclipse\predefined_projects\libs\uvm-1.2\src\seq\uvm_sequencer_analysis_fifo.svh ...
Done E:\dvt_eclipse\predefined_projects\libs\uvm-1.2\src\seq\uvm_sequencer_analysis_fifo.svh [0 ms, 39 lines, SystemVerilog_2012] ...
Loading (102) E:\dvt_eclipse\predefined_projects\libs\uvm-1.2\src\seq\uvm_sequencer_param_base.svh ...
Done E:\dvt_eclipse\predefined_projects\libs\uvm-1.2\src\seq\uvm_sequencer_param_base.svh [15 ms, 460 lines, SystemVerilog_2012] ...
Loading (103) E:\dvt_eclipse\predefined_projects\libs\uvm-1.2\src\seq\uvm_sequencer.svh ...
Done E:\dvt_eclipse\predefined_projects\libs\uvm-1.2\src\seq\uvm_sequencer.svh [0 ms, 347 lines, SystemVerilog_2012] ...
Loading (104) E:\dvt_eclipse\predefined_projects\libs\uvm-1.2\src\seq\uvm_push_sequencer.svh ...
Done E:\dvt_eclipse\predefined_projects\libs\uvm-1.2\src\seq\uvm_push_sequencer.svh [0 ms, 85 lines, SystemVerilog_2012] ...
Loading (105) E:\dvt_eclipse\predefined_projects\libs\uvm-1.2\src\seq\uvm_sequence_base.svh ...
Done E:\dvt_eclipse\predefined_projects\libs\uvm-1.2\src\seq\uvm_sequence_base.svh [16 ms, 1405 lines, SystemVerilog_2012] ...
Loading (106) E:\dvt_eclipse\predefined_projects\libs\uvm-1.2\src\seq\uvm_sequence.svh ...
Done E:\dvt_eclipse\predefined_projects\libs\uvm-1.2\src\seq\uvm_sequence.svh [0 ms, 148 lines, SystemVerilog_2012] ...
Loading (107) E:\dvt_eclipse\predefined_projects\libs\uvm-1.2\src\seq\uvm_sequence_library.svh ...
Done E:\dvt_eclipse\predefined_projects\libs\uvm-1.2\src\seq\uvm_sequence_library.svh [0 ms, 813 lines, SystemVerilog_2012] ...
Loading (108) E:\dvt_eclipse\predefined_projects\libs\uvm-1.2\src\seq\uvm_sequence_builtin.svh ...
Done E:\dvt_eclipse\predefined_projects\libs\uvm-1.2\src\seq\uvm_sequence_builtin.svh [15 ms, 301 lines, SystemVerilog_2012] ...
Done E:\dvt_eclipse\predefined_projects\libs\uvm-1.2\src\seq\uvm_seq.svh [0 ms, 40 lines, SystemVerilog_2012] ...
Loading (109) E:\dvt_eclipse\predefined_projects\libs\uvm-1.2\src\tlm2\uvm_tlm2.svh ...
Loading (110) E:\dvt_eclipse\predefined_projects\libs\uvm-1.2\src\tlm2\uvm_tlm2_defines.svh ...
Done E:\dvt_eclipse\predefined_projects\libs\uvm-1.2\src\tlm2\uvm_tlm2_defines.svh [0 ms, 45 lines, SystemVerilog_2012] ...
Loading (111) E:\dvt_eclipse\predefined_projects\libs\uvm-1.2\src\tlm2\uvm_tlm2_time.svh ...
Done E:\dvt_eclipse\predefined_projects\libs\uvm-1.2\src\tlm2\uvm_tlm2_time.svh [0 ms, 333 lines, SystemVerilog_2012] ...
Loading (112) E:\dvt_eclipse\predefined_projects\libs\uvm-1.2\src\tlm2\uvm_tlm2_generic_payload.svh ...
Done E:\dvt_eclipse\predefined_projects\libs\uvm-1.2\src\tlm2\uvm_tlm2_generic_payload.svh [32 ms, 1053 lines, SystemVerilog_2012] ...
Loading (113) E:\dvt_eclipse\predefined_projects\libs\uvm-1.2\src\tlm2\uvm_tlm2_ifs.svh ...
Done E:\dvt_eclipse\predefined_projects\libs\uvm-1.2\src\tlm2\uvm_tlm2_ifs.svh [0 ms, 178 lines, SystemVerilog_2012] ...
Loading (114) E:\dvt_eclipse\predefined_projects\libs\uvm-1.2\src\tlm2\uvm_tlm2_imps.svh ...
Done E:\dvt_eclipse\predefined_projects\libs\uvm-1.2\src\tlm2\uvm_tlm2_imps.svh [0 ms, 203 lines, SystemVerilog_2012] ...
Loading (115) E:\dvt_eclipse\predefined_projects\libs\uvm-1.2\src\tlm2\uvm_tlm2_ports.svh ...
Done E:\dvt_eclipse\predefined_projects\libs\uvm-1.2\src\tlm2\uvm_tlm2_ports.svh [0 ms, 75 lines, SystemVerilog_2012] ...
Loading (116) E:\dvt_eclipse\predefined_projects\libs\uvm-1.2\src\tlm2\uvm_tlm2_exports.svh ...
Done E:\dvt_eclipse\predefined_projects\libs\uvm-1.2\src\tlm2\uvm_tlm2_exports.svh [0 ms, 65 lines, SystemVerilog_2012] ...
Loading (117) E:\dvt_eclipse\predefined_projects\libs\uvm-1.2\src\tlm2\uvm_tlm2_sockets_base.svh ...
Done E:\dvt_eclipse\predefined_projects\libs\uvm-1.2\src\tlm2\uvm_tlm2_sockets_base.svh [15 ms, 195 lines, SystemVerilog_2012] ...
Loading (118) E:\dvt_eclipse\predefined_projects\libs\uvm-1.2\src\tlm2\uvm_tlm2_sockets.svh ...
Done E:\dvt_eclipse\predefined_projects\libs\uvm-1.2\src\tlm2\uvm_tlm2_sockets.svh [0 ms, 435 lines, SystemVerilog_2012] ...
Done E:\dvt_eclipse\predefined_projects\libs\uvm-1.2\src\tlm2\uvm_tlm2.svh [0 ms, 30 lines, SystemVerilog_2012] ...
Loading (119) E:\dvt_eclipse\predefined_projects\libs\uvm-1.2\src\reg\uvm_reg_model.svh ...
Loading (120) E:\dvt_eclipse\predefined_projects\libs\uvm-1.2\src\reg\uvm_reg_item.svh ...
Done E:\dvt_eclipse\predefined_projects\libs\uvm-1.2\src\reg\uvm_reg_item.svh [16 ms, 316 lines, SystemVerilog_2012] ...
Loading (121) E:\dvt_eclipse\predefined_projects\libs\uvm-1.2\src\reg\uvm_reg_adapter.svh ...
Done E:\dvt_eclipse\predefined_projects\libs\uvm-1.2\src\reg\uvm_reg_adapter.svh [0 ms, 254 lines, SystemVerilog_2012] ...
Loading (122) E:\dvt_eclipse\predefined_projects\libs\uvm-1.2\src\reg\uvm_reg_predictor.svh ...
Done E:\dvt_eclipse\predefined_projects\libs\uvm-1.2\src\reg\uvm_reg_predictor.svh [0 ms, 265 lines, SystemVerilog_2012] ...
Loading (123) E:\dvt_eclipse\predefined_projects\libs\uvm-1.2\src\reg\uvm_reg_sequence.svh ...
Done E:\dvt_eclipse\predefined_projects\libs\uvm-1.2\src\reg\uvm_reg_sequence.svh [15 ms, 548 lines, SystemVerilog_2012] ...
Loading (124) E:\dvt_eclipse\predefined_projects\libs\uvm-1.2\src\reg\uvm_reg_cbs.svh ...
Done E:\dvt_eclipse\predefined_projects\libs\uvm-1.2\src\reg\uvm_reg_cbs.svh [0 ms, 530 lines, SystemVerilog_2012] ...
Loading (125) E:\dvt_eclipse\predefined_projects\libs\uvm-1.2\src\reg\uvm_reg_backdoor.svh ...
Done E:\dvt_eclipse\predefined_projects\libs\uvm-1.2\src\reg\uvm_reg_backdoor.svh [16 ms, 348 lines, SystemVerilog_2012] ...
Loading (126) E:\dvt_eclipse\predefined_projects\libs\uvm-1.2\src\reg\uvm_reg_field.svh ...
Done E:\dvt_eclipse\predefined_projects\libs\uvm-1.2\src\reg\uvm_reg_field.svh [31 ms, 2013 lines, SystemVerilog_2012] ...
Loading (127) E:\dvt_eclipse\predefined_projects\libs\uvm-1.2\src\reg\uvm_vreg_field.svh ...
Done E:\dvt_eclipse\predefined_projects\libs\uvm-1.2\src\reg\uvm_vreg_field.svh [16 ms, 1005 lines, SystemVerilog_2012] ...
Loading (128) E:\dvt_eclipse\predefined_projects\libs\uvm-1.2\src\reg\uvm_reg.svh ...
Done E:\dvt_eclipse\predefined_projects\libs\uvm-1.2\src\reg\uvm_reg.svh [47 ms, 3102 lines, SystemVerilog_2012] ...
Loading (129) E:\dvt_eclipse\predefined_projects\libs\uvm-1.2\src\reg\uvm_reg_indirect.svh ...
Done E:\dvt_eclipse\predefined_projects\libs\uvm-1.2\src\reg\uvm_reg_indirect.svh [15 ms, 330 lines, SystemVerilog_2012] ...
Loading (130) E:\dvt_eclipse\predefined_projects\libs\uvm-1.2\src\reg\uvm_reg_fifo.svh ...
Done E:\dvt_eclipse\predefined_projects\libs\uvm-1.2\src\reg\uvm_reg_fifo.svh [0 ms, 311 lines, SystemVerilog_2012] ...
Loading (131) E:\dvt_eclipse\predefined_projects\libs\uvm-1.2\src\reg\uvm_reg_file.svh ...
Done E:\dvt_eclipse\predefined_projects\libs\uvm-1.2\src\reg\uvm_reg_file.svh [16 ms, 501 lines, SystemVerilog_2012] ...
Loading (132) E:\dvt_eclipse\predefined_projects\libs\uvm-1.2\src\reg\uvm_mem_mam.svh ...
Done E:\dvt_eclipse\predefined_projects\libs\uvm-1.2\src\reg\uvm_mem_mam.svh [0 ms, 1019 lines, SystemVerilog_2012] ...
Loading (133) E:\dvt_eclipse\predefined_projects\libs\uvm-1.2\src\reg\uvm_vreg.svh ...
Done E:\dvt_eclipse\predefined_projects\libs\uvm-1.2\src\reg\uvm_vreg.svh [31 ms, 1554 lines, SystemVerilog_2012] ...
Loading (134) E:\dvt_eclipse\predefined_projects\libs\uvm-1.2\src\reg\uvm_mem.svh ...
Done E:\dvt_eclipse\predefined_projects\libs\uvm-1.2\src\reg\uvm_mem.svh [31 ms, 2410 lines, SystemVerilog_2012] ...
Loading (135) E:\dvt_eclipse\predefined_projects\libs\uvm-1.2\src\reg\uvm_reg_map.svh ...
Done E:\dvt_eclipse\predefined_projects\libs\uvm-1.2\src\reg\uvm_reg_map.svh [52 ms, 2225 lines, SystemVerilog_2012] ...
Loading (136) E:\dvt_eclipse\predefined_projects\libs\uvm-1.2\src\reg\uvm_reg_block.svh ...
Done E:\dvt_eclipse\predefined_projects\libs\uvm-1.2\src\reg\uvm_reg_block.svh [21 ms, 2272 lines, SystemVerilog_2012] ...
Loading (137) E:\dvt_eclipse\predefined_projects\libs\uvm-1.2\src\reg\sequences\uvm_reg_hw_reset_seq.svh ...
Done E:\dvt_eclipse\predefined_projects\libs\uvm-1.2\src\reg\sequences\uvm_reg_hw_reset_seq.svh [16 ms, 172 lines, SystemVerilog_2012] ...
Loading (138) E:\dvt_eclipse\predefined_projects\libs\uvm-1.2\src\reg\sequences\uvm_reg_bit_bash_seq.svh ...
Done E:\dvt_eclipse\predefined_projects\libs\uvm-1.2\src\reg\sequences\uvm_reg_bit_bash_seq.svh [0 ms, 303 lines, SystemVerilog_2012] ...
Loading (139) E:\dvt_eclipse\predefined_projects\libs\uvm-1.2\src\reg\sequences\uvm_mem_walk_seq.svh ...
Done E:\dvt_eclipse\predefined_projects\libs\uvm-1.2\src\reg\sequences\uvm_mem_walk_seq.svh [15 ms, 300 lines, SystemVerilog_2012] ...
Loading (140) E:\dvt_eclipse\predefined_projects\libs\uvm-1.2\src\reg\sequences\uvm_mem_access_seq.svh ...
Done E:\dvt_eclipse\predefined_projects\libs\uvm-1.2\src\reg\sequences\uvm_mem_access_seq.svh [16 ms, 308 lines, SystemVerilog_2012] ...
Loading (141) E:\dvt_eclipse\predefined_projects\libs\uvm-1.2\src\reg\sequences\uvm_reg_access_seq.svh ...
Done E:\dvt_eclipse\predefined_projects\libs\uvm-1.2\src\reg\sequences\uvm_reg_access_seq.svh [0 ms, 366 lines, SystemVerilog_2012] ...
Loading (142) E:\dvt_eclipse\predefined_projects\libs\uvm-1.2\src\reg\sequences\uvm_reg_mem_shared_access_seq.svh ...
Done E:\dvt_eclipse\predefined_projects\libs\uvm-1.2\src\reg\sequences\uvm_reg_mem_shared_access_seq.svh [31 ms, 486 lines, SystemVerilog_2012] ...
Loading (143) E:\dvt_eclipse\predefined_projects\libs\uvm-1.2\src\reg\sequences\uvm_reg_mem_built_in_seq.svh ...
Done E:\dvt_eclipse\predefined_projects\libs\uvm-1.2\src\reg\sequences\uvm_reg_mem_built_in_seq.svh [0 ms, 139 lines, SystemVerilog_2012] ...
Loading (144) E:\dvt_eclipse\predefined_projects\libs\uvm-1.2\src\reg\sequences\uvm_reg_mem_hdl_paths_seq.svh ...
Done E:\dvt_eclipse\predefined_projects\libs\uvm-1.2\src\reg\sequences\uvm_reg_mem_hdl_paths_seq.svh [16 ms, 175 lines, SystemVerilog_2012] ...
Done E:\dvt_eclipse\predefined_projects\libs\uvm-1.2\src\reg\uvm_reg_model.svh [0 ms, 444 lines, SystemVerilog_2012] ...
Done E:\dvt_eclipse\predefined_projects\libs\uvm-1.2\src\uvm_pkg.sv [0 ms, 43 lines, SystemVerilog_2012] ...
Loading (145) E:\Users\hp\Desktop\路科验证_V2课程资料(1)\虚拟项目 I2C\虚拟项目 I2C\实验代码版本\rkv_v2pro_i2c-RKV_I2C_TB_05\rkv_dw_apb_i2c\src\rkv_DW_apb_i2c_cc_constants.v ...
Done E:\Users\hp\Desktop\路科验证_V2课程资料(1)\虚拟项目 I2C\虚拟项目 I2C\实验代码版本\rkv_v2pro_i2c-RKV_I2C_TB_05\rkv_dw_apb_i2c\src\rkv_DW_apb_i2c_cc_constants.v [62 ms, 1602 lines, Verilog_2001] ...
Loading (146) E:\Users\hp\Desktop\路科验证_V2课程资料(1)\虚拟项目 I2C\虚拟项目 I2C\实验代码版本\rkv_v2pro_i2c-RKV_I2C_TB_05\rkv_dw_apb_i2c\src\rkv_DW_apb_i2c_bcm_params.v ...
Done E:\Users\hp\Desktop\路科验证_V2课程资料(1)\虚拟项目 I2C\虚拟项目 I2C\实验代码版本\rkv_v2pro_i2c-RKV_I2C_TB_05\rkv_dw_apb_i2c\src\rkv_DW_apb_i2c_bcm_params.v [0 ms, 359 lines, Verilog_2001] ...
Loading (147) E:\Users\hp\Desktop\路科验证_V2课程资料(1)\虚拟项目 I2C\虚拟项目 I2C\实验代码版本\rkv_v2pro_i2c-RKV_I2C_TB_05\rkv_dw_apb_i2c\src\rkv_DW_apb_i2c_bcm57.v ...
Done E:\Users\hp\Desktop\路科验证_V2课程资料(1)\虚拟项目 I2C\虚拟项目 I2C\实验代码版本\rkv_v2pro_i2c-RKV_I2C_TB_05\rkv_dw_apb_i2c\src\rkv_DW_apb_i2c_bcm57.v [64 ms, 148 lines, Verilog_2001] ...
Loading (148) E:\Users\hp\Desktop\路科验证_V2课程资料(1)\虚拟项目 I2C\虚拟项目 I2C\实验代码版本\rkv_v2pro_i2c-RKV_I2C_TB_05\rkv_dw_apb_i2c\src\rkv_DW_apb_i2c_bcm21.v ...
Done E:\Users\hp\Desktop\路科验证_V2课程资料(1)\虚拟项目 I2C\虚拟项目 I2C\实验代码版本\rkv_v2pro_i2c-RKV_I2C_TB_05\rkv_dw_apb_i2c\src\rkv_DW_apb_i2c_bcm21.v [0 ms, 743 lines, Verilog_2001] ...
Loading (149) E:\Users\hp\Desktop\路科验证_V2课程资料(1)\虚拟项目 I2C\虚拟项目 I2C\实验代码版本\rkv_v2pro_i2c-RKV_I2C_TB_05\rkv_dw_apb_i2c\src\rkv_DW_apb_i2c_bcm41.v ...
Done E:\Users\hp\Desktop\路科验证_V2课程资料(1)\虚拟项目 I2C\虚拟项目 I2C\实验代码版本\rkv_v2pro_i2c-RKV_I2C_TB_05\rkv_dw_apb_i2c\src\rkv_DW_apb_i2c_bcm41.v [0 ms, 78 lines, Verilog_2001] ...
Loading (150) E:\Users\hp\Desktop\路科验证_V2课程资料(1)\虚拟项目 I2C\虚拟项目 I2C\实验代码版本\rkv_v2pro_i2c-RKV_I2C_TB_05\rkv_dw_apb_i2c\src\rkv_DW_apb_i2c_bcm47.v ...
Done E:\Users\hp\Desktop\路科验证_V2课程资料(1)\虚拟项目 I2C\虚拟项目 I2C\实验代码版本\rkv_v2pro_i2c-RKV_I2C_TB_05\rkv_dw_apb_i2c\src\rkv_DW_apb_i2c_bcm47.v [16 ms, 421 lines, Verilog_2001] ...
Loading (151) E:\Users\hp\Desktop\路科验证_V2课程资料(1)\虚拟项目 I2C\虚拟项目 I2C\实验代码版本\rkv_v2pro_i2c-RKV_I2C_TB_05\rkv_dw_apb_i2c\src\rkv_DW_apb_i2c_bcm06.v ...
Done E:\Users\hp\Desktop\路科验证_V2课程资料(1)\虚拟项目 I2C\虚拟项目 I2C\实验代码版本\rkv_v2pro_i2c-RKV_I2C_TB_05\rkv_dw_apb_i2c\src\rkv_DW_apb_i2c_bcm06.v [0 ms, 253 lines, Verilog_2001] ...
Loading (152) E:\Users\hp\Desktop\路科验证_V2课程资料(1)\虚拟项目 I2C\虚拟项目 I2C\实验代码版本\rkv_v2pro_i2c-RKV_I2C_TB_05\rkv_dw_apb_i2c\src\rkv_DW_apb_i2c_bcm05.v ...
Done E:\Users\hp\Desktop\路科验证_V2课程资料(1)\虚拟项目 I2C\虚拟项目 I2C\实验代码版本\rkv_v2pro_i2c-RKV_I2C_TB_05\rkv_dw_apb_i2c\src\rkv_DW_apb_i2c_bcm05.v [15 ms, 396 lines, Verilog_2001] ...
Loading (153) E:\Users\hp\Desktop\路科验证_V2课程资料(1)\虚拟项目 I2C\虚拟项目 I2C\实验代码版本\rkv_v2pro_i2c-RKV_I2C_TB_05\rkv_dw_apb_i2c\src\rkv_DW_apb_i2c_bcm07.v ...
Done E:\Users\hp\Desktop\路科验证_V2课程资料(1)\虚拟项目 I2C\虚拟项目 I2C\实验代码版本\rkv_v2pro_i2c-RKV_I2C_TB_05\rkv_dw_apb_i2c\src\rkv_DW_apb_i2c_bcm07.v [0 ms, 280 lines, Verilog_2001] ...
Loading (154) E:\Users\hp\Desktop\路科验证_V2课程资料(1)\虚拟项目 I2C\虚拟项目 I2C\实验代码版本\rkv_v2pro_i2c-RKV_I2C_TB_05\rkv_dw_apb_i2c\src\rkv_DW_apb_i2c_regs.v ...
Done E:\Users\hp\Desktop\路科验证_V2课程资料(1)\虚拟项目 I2C\虚拟项目 I2C\实验代码版本\rkv_v2pro_i2c-RKV_I2C_TB_05\rkv_dw_apb_i2c\src\rkv_DW_apb_i2c_regs.v [0 ms, 68 lines, Verilog_2001] ...
Loading (155) E:\Users\hp\Desktop\路科验证_V2课程资料(1)\虚拟项目 I2C\虚拟项目 I2C\实验代码版本\rkv_v2pro_i2c-RKV_I2C_TB_05\rkv_dw_apb_i2c\src\rkv_DW_apb_i2c_tog.v ...
Done E:\Users\hp\Desktop\路科验证_V2课程资料(1)\虚拟项目 I2C\虚拟项目 I2C\实验代码版本\rkv_v2pro_i2c-RKV_I2C_TB_05\rkv_dw_apb_i2c\src\rkv_DW_apb_i2c_tog.v [0 ms, 64 lines, Verilog_2001] ...
Loading (156) E:\Users\hp\Desktop\路科验证_V2课程资料(1)\虚拟项目 I2C\虚拟项目 I2C\实验代码版本\rkv_v2pro_i2c-RKV_I2C_TB_05\rkv_dw_apb_i2c\src\rkv_DW_apb_i2c_bcm99.v ...
Done E:\Users\hp\Desktop\路科验证_V2课程资料(1)\虚拟项目 I2C\虚拟项目 I2C\实验代码版本\rkv_v2pro_i2c-RKV_I2C_TB_05\rkv_dw_apb_i2c\src\rkv_DW_apb_i2c_bcm99.v [0 ms, 254 lines, Verilog_2001] ...
Loading (157) E:\Users\hp\Desktop\路科验证_V2课程资料(1)\虚拟项目 I2C\虚拟项目 I2C\实验代码版本\rkv_v2pro_i2c-RKV_I2C_TB_05\rkv_dw_apb_i2c\src\rkv_DW_apb_i2c_biu.v ...
Done E:\Users\hp\Desktop\路科验证_V2课程资料(1)\虚拟项目 I2C\虚拟项目 I2C\实验代码版本\rkv_v2pro_i2c-RKV_I2C_TB_05\rkv_dw_apb_i2c\src\rkv_DW_apb_i2c_biu.v [0 ms, 189 lines, Verilog_2001] ...
Loading (158) E:\Users\hp\Desktop\路科验证_V2课程资料(1)\虚拟项目 I2C\虚拟项目 I2C\实验代码版本\rkv_v2pro_i2c-RKV_I2C_TB_05\rkv_dw_apb_i2c\src\rkv_DW_apb_i2c_regfile.v ...
Done E:\Users\hp\Desktop\路科验证_V2课程资料(1)\虚拟项目 I2C\虚拟项目 I2C\实验代码版本\rkv_v2pro_i2c-RKV_I2C_TB_05\rkv_dw_apb_i2c\src\rkv_DW_apb_i2c_regfile.v [87 ms, 1593 lines, Verilog_2001] ...
Loading (159) E:\Users\hp\Desktop\路科验证_V2课程资料(1)\虚拟项目 I2C\虚拟项目 I2C\实验代码版本\rkv_v2pro_i2c-RKV_I2C_TB_05\rkv_dw_apb_i2c\src\rkv_DW_apb_i2c_fifo.v ...
Done E:\Users\hp\Desktop\路科验证_V2课程资料(1)\虚拟项目 I2C\虚拟项目 I2C\实验代码版本\rkv_v2pro_i2c-RKV_I2C_TB_05\rkv_dw_apb_i2c\src\rkv_DW_apb_i2c_fifo.v [16 ms, 376 lines, Verilog_2001] ...
Loading (160) E:\Users\hp\Desktop\路科验证_V2课程资料(1)\虚拟项目 I2C\虚拟项目 I2C\实验代码版本\rkv_v2pro_i2c-RKV_I2C_TB_05\rkv_dw_apb_i2c\src\rkv_DW_apb_i2c_async_fifo.v ...
Done E:\Users\hp\Desktop\路科验证_V2课程资料(1)\虚拟项目 I2C\虚拟项目 I2C\实验代码版本\rkv_v2pro_i2c-RKV_I2C_TB_05\rkv_dw_apb_i2c\src\rkv_DW_apb_i2c_async_fifo.v [15 ms, 600 lines, Verilog_2001] ...
Loading (161) E:\Users\hp\Desktop\路科验证_V2课程资料(1)\虚拟项目 I2C\虚拟项目 I2C\实验代码版本\rkv_v2pro_i2c-RKV_I2C_TB_05\rkv_dw_apb_i2c\src\rkv_DW_apb_i2c_intctl.v ...
Done E:\Users\hp\Desktop\路科验证_V2课程资料(1)\虚拟项目 I2C\虚拟项目 I2C\实验代码版本\rkv_v2pro_i2c-RKV_I2C_TB_05\rkv_dw_apb_i2c\src\rkv_DW_apb_i2c_intctl.v [16 ms, 940 lines, Verilog_2001] ...
Loading (162) E:\Users\hp\Desktop\路科验证_V2课程资料(1)\虚拟项目 I2C\虚拟项目 I2C\实验代码版本\rkv_v2pro_i2c-RKV_I2C_TB_05\rkv_dw_apb_i2c\src\rkv_DW_apb_i2c_rx_filter.v ...
Done E:\Users\hp\Desktop\路科验证_V2课程资料(1)\虚拟项目 I2C\虚拟项目 I2C\实验代码版本\rkv_v2pro_i2c-RKV_I2C_TB_05\rkv_dw_apb_i2c\src\rkv_DW_apb_i2c_rx_filter.v [0 ms, 887 lines, Verilog_2001] ...
Loading (163) E:\Users\hp\Desktop\路科验证_V2课程资料(1)\虚拟项目 I2C\虚拟项目 I2C\实验代码版本\rkv_v2pro_i2c-RKV_I2C_TB_05\rkv_dw_apb_i2c\src\rkv_DW_apb_i2c_clk_gen.v ...
Done E:\Users\hp\Desktop\路科验证_V2课程资料(1)\虚拟项目 I2C\虚拟项目 I2C\实验代码版本\rkv_v2pro_i2c-RKV_I2C_TB_05\rkv_dw_apb_i2c\src\rkv_DW_apb_i2c_clk_gen.v [16 ms, 579 lines, Verilog_2001] ...
Loading (164) E:\Users\hp\Desktop\路科验证_V2课程资料(1)\虚拟项目 I2C\虚拟项目 I2C\实验代码版本\rkv_v2pro_i2c-RKV_I2C_TB_05\rkv_dw_apb_i2c\src\rkv_DW_apb_i2c_mstfsm.v ...
Done E:\Users\hp\Desktop\路科验证_V2课程资料(1)\虚拟项目 I2C\虚拟项目 I2C\实验代码版本\rkv_v2pro_i2c-RKV_I2C_TB_05\rkv_dw_apb_i2c\src\rkv_DW_apb_i2c_mstfsm.v [15 ms, 1592 lines, Verilog_2001] ...
Loading (165) E:\Users\hp\Desktop\路科验证_V2课程资料(1)\虚拟项目 I2C\虚拟项目 I2C\实验代码版本\rkv_v2pro_i2c-RKV_I2C_TB_05\rkv_dw_apb_i2c\src\rkv_DW_apb_i2c_sync.v ...
Done E:\Users\hp\Desktop\路科验证_V2课程资料(1)\虚拟项目 I2C\虚拟项目 I2C\实验代码版本\rkv_v2pro_i2c-RKV_I2C_TB_05\rkv_dw_apb_i2c\src\rkv_DW_apb_i2c_sync.v [0 ms, 489 lines, Verilog_2001] ...
Loading (166) E:\Users\hp\Desktop\路科验证_V2课程资料(1)\虚拟项目 I2C\虚拟项目 I2C\实验代码版本\rkv_v2pro_i2c-RKV_I2C_TB_05\rkv_dw_apb_i2c\src\rkv_DW_apb_i2c_slvfsm.v ...
Done E:\Users\hp\Desktop\路科验证_V2课程资料(1)\虚拟项目 I2C\虚拟项目 I2C\实验代码版本\rkv_v2pro_i2c-RKV_I2C_TB_05\rkv_dw_apb_i2c\src\rkv_DW_apb_i2c_slvfsm.v [16 ms, 891 lines, Verilog_2001] ...
Loading (167) E:\Users\hp\Desktop\路科验证_V2课程资料(1)\虚拟项目 I2C\虚拟项目 I2C\实验代码版本\rkv_v2pro_i2c-RKV_I2C_TB_05\rkv_dw_apb_i2c\src\rkv_DW_apb_i2c_tx_shift.v ...
Done E:\Users\hp\Desktop\路科验证_V2课程资料(1)\虚拟项目 I2C\虚拟项目 I2C\实验代码版本\rkv_v2pro_i2c-RKV_I2C_TB_05\rkv_dw_apb_i2c\src\rkv_DW_apb_i2c_tx_shift.v [15 ms, 1250 lines, Verilog_2001] ...
Loading (168) E:\Users\hp\Desktop\路科验证_V2课程资料(1)\虚拟项目 I2C\虚拟项目 I2C\实验代码版本\rkv_v2pro_i2c-RKV_I2C_TB_05\rkv_dw_apb_i2c\src\rkv_DW_apb_i2c_rx_shift.v ...
Done E:\Users\hp\Desktop\路科验证_V2课程资料(1)\虚拟项目 I2C\虚拟项目 I2C\实验代码版本\rkv_v2pro_i2c-RKV_I2C_TB_05\rkv_dw_apb_i2c\src\rkv_DW_apb_i2c_rx_shift.v [16 ms, 671 lines, Verilog_2001] ...
Loading (169) E:\Users\hp\Desktop\路科验证_V2课程资料(1)\虚拟项目 I2C\虚拟项目 I2C\实验代码版本\rkv_v2pro_i2c-RKV_I2C_TB_05\rkv_dw_apb_i2c\src\rkv_DW_apb_i2c_toggle.v ...
Done E:\Users\hp\Desktop\路科验证_V2课程资料(1)\虚拟项目 I2C\虚拟项目 I2C\实验代码版本\rkv_v2pro_i2c-RKV_I2C_TB_05\rkv_dw_apb_i2c\src\rkv_DW_apb_i2c_toggle.v [0 ms, 870 lines, Verilog_2001] ...
Loading (170) E:\Users\hp\Desktop\路科验证_V2课程资料(1)\虚拟项目 I2C\虚拟项目 I2C\实验代码版本\rkv_v2pro_i2c-RKV_I2C_TB_05\rkv_dw_apb_i2c\src\rkv_DW_apb_i2c_dma.v ...
Done E:\Users\hp\Desktop\路科验证_V2课程资料(1)\虚拟项目 I2C\虚拟项目 I2C\实验代码版本\rkv_v2pro_i2c-RKV_I2C_TB_05\rkv_dw_apb_i2c\src\rkv_DW_apb_i2c_dma.v [0 ms, 203 lines, Verilog_2001] ...
Loading (171) E:\Users\hp\Desktop\路科验证_V2课程资料(1)\虚拟项目 I2C\虚拟项目 I2C\实验代码版本\rkv_v2pro_i2c-RKV_I2C_TB_05\rkv_dw_apb_i2c\src\rkv_DW_apb_i2c.v ...
Done E:\Users\hp\Desktop\路科验证_V2课程资料(1)\虚拟项目 I2C\虚拟项目 I2C\实验代码版本\rkv_v2pro_i2c-RKV_I2C_TB_05\rkv_dw_apb_i2c\src\rkv_DW_apb_i2c.v [64 ms, 1331 lines, Verilog_2001] ...
Loading (172) E:\Users\hp\Desktop\路科验证_V2课程资料(1)\虚拟项目 I2C\虚拟项目 I2C\实验代码版本\rkv_v2pro_i2c-RKV_I2C_TB_05\rkv_dw_apb_i2c\src\rkv_DW_apb_i2c-undef.v ...
Done E:\Users\hp\Desktop\路科验证_V2课程资料(1)\虚拟项目 I2C\虚拟项目 I2C\实验代码版本\rkv_v2pro_i2c-RKV_I2C_TB_05\rkv_dw_apb_i2c\src\rkv_DW_apb_i2c-undef.v [0 ms, 373 lines, Verilog_2001] ...
Loading (173) E:\Users\hp\Desktop\路科验证_V2课程资料(1)\虚拟项目 I2C\虚拟项目 I2C\实验代码版本\rkv_v2pro_i2c-RKV_I2C_TB_05\rkv_i2c_tb\agents\lvc_apb3\lvc_apb_if.sv ...
Skip (optimized) E:\dvt_eclipse\predefined_projects\libs\uvm-1.2\src\uvm_macros.svh ...
Done E:\Users\hp\Desktop\路科验证_V2课程资料(1)\虚拟项目 I2C\虚拟项目 I2C\实验代码版本\rkv_v2pro_i2c-RKV_I2C_TB_05\rkv_i2c_tb\agents\lvc_apb3\lvc_apb_if.sv [15 ms, 213 lines, SystemVerilog_2012] ...
Loading (174) E:\Users\hp\Desktop\路科验证_V2课程资料(1)\虚拟项目 I2C\虚拟项目 I2C\实验代码版本\rkv_v2pro_i2c-RKV_I2C_TB_05\rkv_i2c_tb\agents\lvc_apb3\lvc_apb_pkg.sv ...
Skip (optimized) E:\dvt_eclipse\predefined_projects\libs\uvm-1.2\src\uvm_macros.svh ...
Loading (175) E:\Users\hp\Desktop\路科验证_V2课程资料(1)\虚拟项目 I2C\虚拟项目 I2C\实验代码版本\rkv_v2pro_i2c-RKV_I2C_TB_05\rkv_i2c_tb\agents\lvc_apb3\lvc_apb.svh ...
Loading (176) E:\Users\hp\Desktop\路科验证_V2课程资料(1)\虚拟项目 I2C\虚拟项目 I2C\实验代码版本\rkv_v2pro_i2c-RKV_I2C_TB_05\rkv_i2c_tb\agents\lvc_apb3\lvc_apb_transfer.sv ...
Done E:\Users\hp\Desktop\路科验证_V2课程资料(1)\虚拟项目 I2C\虚拟项目 I2C\实验代码版本\rkv_v2pro_i2c-RKV_I2C_TB_05\rkv_i2c_tb\agents\lvc_apb3\lvc_apb_transfer.sv [16 ms, 67 lines, SystemVerilog_2012] ...
Loading (177) E:\Users\hp\Desktop\路科验证_V2课程资料(1)\虚拟项目 I2C\虚拟项目 I2C\实验代码版本\rkv_v2pro_i2c-RKV_I2C_TB_05\rkv_i2c_tb\agents\lvc_apb3\lvc_apb_config.sv ...
Done E:\Users\hp\Desktop\路科验证_V2课程资料(1)\虚拟项目 I2C\虚拟项目 I2C\实验代码版本\rkv_v2pro_i2c-RKV_I2C_TB_05\rkv_i2c_tb\agents\lvc_apb3\lvc_apb_config.sv [0 ms, 58 lines, SystemVerilog_2012] ...
Loading (178) E:\Users\hp\Desktop\路科验证_V2课程资料(1)\虚拟项目 I2C\虚拟项目 I2C\实验代码版本\rkv_v2pro_i2c-RKV_I2C_TB_05\rkv_i2c_tb\agents\lvc_apb3\lvc_apb_master_driver.svh ...
Done E:\Users\hp\Desktop\路科验证_V2课程资料(1)\虚拟项目 I2C\虚拟项目 I2C\实验代码版本\rkv_v2pro_i2c-RKV_I2C_TB_05\rkv_i2c_tb\agents\lvc_apb3\lvc_apb_master_driver.svh [0 ms, 73 lines, SystemVerilog_2012] ...
Loading (179) E:\Users\hp\Desktop\路科验证_V2课程资料(1)\虚拟项目 I2C\虚拟项目 I2C\实验代码版本\rkv_v2pro_i2c-RKV_I2C_TB_05\rkv_i2c_tb\agents\lvc_apb3\lvc_apb_master_monitor.svh ...
Done E:\Users\hp\Desktop\路科验证_V2课程资料(1)\虚拟项目 I2C\虚拟项目 I2C\实验代码版本\rkv_v2pro_i2c-RKV_I2C_TB_05\rkv_i2c_tb\agents\lvc_apb3\lvc_apb_master_monitor.svh [16 ms, 96 lines, SystemVerilog_2012] ...
Loading (180) E:\Users\hp\Desktop\路科验证_V2课程资料(1)\虚拟项目 I2C\虚拟项目 I2C\实验代码版本\rkv_v2pro_i2c-RKV_I2C_TB_05\rkv_i2c_tb\agents\lvc_apb3\lvc_apb_master_sequencer.svh ...
Done E:\Users\hp\Desktop\路科验证_V2课程资料(1)\虚拟项目 I2C\虚拟项目 I2C\实验代码版本\rkv_v2pro_i2c-RKV_I2C_TB_05\rkv_i2c_tb\agents\lvc_apb3\lvc_apb_master_sequencer.svh [0 ms, 51 lines, SystemVerilog_2012] ...
Loading (181) E:\Users\hp\Desktop\路科验证_V2课程资料(1)\虚拟项目 I2C\虚拟项目 I2C\实验代码版本\rkv_v2pro_i2c-RKV_I2C_TB_05\rkv_i2c_tb\agents\lvc_apb3\lvc_apb_master_agent.svh ...
Done E:\Users\hp\Desktop\路科验证_V2课程资料(1)\虚拟项目 I2C\虚拟项目 I2C\实验代码版本\rkv_v2pro_i2c-RKV_I2C_TB_05\rkv_i2c_tb\agents\lvc_apb3\lvc_apb_master_agent.svh [0 ms, 67 lines, SystemVerilog_2012] ...
Loading (182) E:\Users\hp\Desktop\路科验证_V2课程资料(1)\虚拟项目 I2C\虚拟项目 I2C\实验代码版本\rkv_v2pro_i2c-RKV_I2C_TB_05\rkv_i2c_tb\agents\lvc_apb3\lvc_apb_slave_driver.svh ...
Done E:\Users\hp\Desktop\路科验证_V2课程资料(1)\虚拟项目 I2C\虚拟项目 I2C\实验代码版本\rkv_v2pro_i2c-RKV_I2C_TB_05\rkv_i2c_tb\agents\lvc_apb3\lvc_apb_slave_driver.svh [0 ms, 74 lines, SystemVerilog_2012] ...
Loading (183) E:\Users\hp\Desktop\路科验证_V2课程资料(1)\虚拟项目 I2C\虚拟项目 I2C\实验代码版本\rkv_v2pro_i2c-RKV_I2C_TB_05\rkv_i2c_tb\agents\lvc_apb3\lvc_apb_slave_monitor.svh ...
Done E:\Users\hp\Desktop\路科验证_V2课程资料(1)\虚拟项目 I2C\虚拟项目 I2C\实验代码版本\rkv_v2pro_i2c-RKV_I2C_TB_05\rkv_i2c_tb\agents\lvc_apb3\lvc_apb_slave_monitor.svh [15 ms, 98 lines, SystemVerilog_2012] ...
Loading (184) E:\Users\hp\Desktop\路科验证_V2课程资料(1)\虚拟项目 I2C\虚拟项目 I2C\实验代码版本\rkv_v2pro_i2c-RKV_I2C_TB_05\rkv_i2c_tb\agents\lvc_apb3\lvc_apb_slave_sequencer.svh ...
Done E:\Users\hp\Desktop\路科验证_V2课程资料(1)\虚拟项目 I2C\虚拟项目 I2C\实验代码版本\rkv_v2pro_i2c-RKV_I2C_TB_05\rkv_i2c_tb\agents\lvc_apb3\lvc_apb_slave_sequencer.svh [0 ms, 51 lines, SystemVerilog_2012] ...
Loading (185) E:\Users\hp\Desktop\路科验证_V2课程资料(1)\虚拟项目 I2C\虚拟项目 I2C\实验代码版本\rkv_v2pro_i2c-RKV_I2C_TB_05\rkv_i2c_tb\agents\lvc_apb3\lvc_apb_slave_agent.svh ...
Done E:\Users\hp\Desktop\路科验证_V2课程资料(1)\虚拟项目 I2C\虚拟项目 I2C\实验代码版本\rkv_v2pro_i2c-RKV_I2C_TB_05\rkv_i2c_tb\agents\lvc_apb3\lvc_apb_slave_agent.svh [0 ms, 67 lines, SystemVerilog_2012] ...
Loading (186) E:\Users\hp\Desktop\路科验证_V2课程资料(1)\虚拟项目 I2C\虚拟项目 I2C\实验代码版本\rkv_v2pro_i2c-RKV_I2C_TB_05\rkv_i2c_tb\agents\lvc_apb3\lvc_apb_master_driver.sv ...
Done E:\Users\hp\Desktop\路科验证_V2课程资料(1)\虚拟项目 I2C\虚拟项目 I2C\实验代码版本\rkv_v2pro_i2c-RKV_I2C_TB_05\rkv_i2c_tb\agents\lvc_apb3\lvc_apb_master_driver.sv [63 ms, 130 lines, SystemVerilog_2012] ...
Loading (187) E:\Users\hp\Desktop\路科验证_V2课程资料(1)\虚拟项目 I2C\虚拟项目 I2C\实验代码版本\rkv_v2pro_i2c-RKV_I2C_TB_05\rkv_i2c_tb\agents\lvc_apb3\lvc_apb_master_monitor.sv ...
Done E:\Users\hp\Desktop\路科验证_V2课程资料(1)\虚拟项目 I2C\虚拟项目 I2C\实验代码版本\rkv_v2pro_i2c-RKV_I2C_TB_05\rkv_i2c_tb\agents\lvc_apb3\lvc_apb_master_monitor.sv [0 ms, 94 lines, SystemVerilog_2012] ...
Loading (188) E:\Users\hp\Desktop\路科验证_V2课程资料(1)\虚拟项目 I2C\虚拟项目 I2C\实验代码版本\rkv_v2pro_i2c-RKV_I2C_TB_05\rkv_i2c_tb\agents\lvc_apb3\lvc_apb_master_sequencer.sv ...
Done E:\Users\hp\Desktop\路科验证_V2课程资料(1)\虚拟项目 I2C\虚拟项目 I2C\实验代码版本\rkv_v2pro_i2c-RKV_I2C_TB_05\rkv_i2c_tb\agents\lvc_apb3\lvc_apb_master_sequencer.sv [0 ms, 27 lines, SystemVerilog_2012] ...
Loading (189) E:\Users\hp\Desktop\路科验证_V2课程资料(1)\虚拟项目 I2C\虚拟项目 I2C\实验代码版本\rkv_v2pro_i2c-RKV_I2C_TB_05\rkv_i2c_tb\agents\lvc_apb3\lvc_apb_master_agent.sv ...
Done E:\Users\hp\Desktop\路科验证_V2课程资料(1)\虚拟项目 I2C\虚拟项目 I2C\实验代码版本\rkv_v2pro_i2c-RKV_I2C_TB_05\rkv_i2c_tb\agents\lvc_apb3\lvc_apb_master_agent.sv [0 ms, 67 lines, SystemVerilog_2012] ...
Loading (190) E:\Users\hp\Desktop\路科验证_V2课程资料(1)\虚拟项目 I2C\虚拟项目 I2C\实验代码版本\rkv_v2pro_i2c-RKV_I2C_TB_05\rkv_i2c_tb\agents\lvc_apb3\lvc_apb_master_seq_lib.sv ...
Done E:\Users\hp\Desktop\路科验证_V2课程资料(1)\虚拟项目 I2C\虚拟项目 I2C\实验代码版本\rkv_v2pro_i2c-RKV_I2C_TB_05\rkv_i2c_tb\agents\lvc_apb3\lvc_apb_master_seq_lib.sv [15 ms, 174 lines, SystemVerilog_2012] ...
Loading (191) E:\Users\hp\Desktop\路科验证_V2课程资料(1)\虚拟项目 I2C\虚拟项目 I2C\实验代码版本\rkv_v2pro_i2c-RKV_I2C_TB_05\rkv_i2c_tb\agents\lvc_apb3\lvc_apb_slave_driver.sv ...
Done E:\Users\hp\Desktop\路科验证_V2课程资料(1)\虚拟项目 I2C\虚拟项目 I2C\实验代码版本\rkv_v2pro_i2c-RKV_I2C_TB_05\rkv_i2c_tb\agents\lvc_apb3\lvc_apb_slave_driver.sv [16 ms, 139 lines, SystemVerilog_2012] ...
Loading (192) E:\Users\hp\Desktop\路科验证_V2课程资料(1)\虚拟项目 I2C\虚拟项目 I2C\实验代码版本\rkv_v2pro_i2c-RKV_I2C_TB_05\rkv_i2c_tb\agents\lvc_apb3\lvc_apb_slave_monitor.sv ...
Done E:\Users\hp\Desktop\路科验证_V2课程资料(1)\虚拟项目 I2C\虚拟项目 I2C\实验代码版本\rkv_v2pro_i2c-RKV_I2C_TB_05\rkv_i2c_tb\agents\lvc_apb3\lvc_apb_slave_monitor.sv [0 ms, 97 lines, SystemVerilog_2012] ...
Loading (193) E:\Users\hp\Desktop\路科验证_V2课程资料(1)\虚拟项目 I2C\虚拟项目 I2C\实验代码版本\rkv_v2pro_i2c-RKV_I2C_TB_05\rkv_i2c_tb\agents\lvc_apb3\lvc_apb_slave_sequencer.sv ...
Done E:\Users\hp\Desktop\路科验证_V2课程资料(1)\虚拟项目 I2C\虚拟项目 I2C\实验代码版本\rkv_v2pro_i2c-RKV_I2C_TB_05\rkv_i2c_tb\agents\lvc_apb3\lvc_apb_slave_sequencer.sv [0 ms, 27 lines, SystemVerilog_2012] ...
Loading (194) E:\Users\hp\Desktop\路科验证_V2课程资料(1)\虚拟项目 I2C\虚拟项目 I2C\实验代码版本\rkv_v2pro_i2c-RKV_I2C_TB_05\rkv_i2c_tb\agents\lvc_apb3\lvc_apb_slave_agent.sv ...
Done E:\Users\hp\Desktop\路科验证_V2课程资料(1)\虚拟项目 I2C\虚拟项目 I2C\实验代码版本\rkv_v2pro_i2c-RKV_I2C_TB_05\rkv_i2c_tb\agents\lvc_apb3\lvc_apb_slave_agent.sv [0 ms, 63 lines, SystemVerilog_2012] ...
Loading (195) E:\Users\hp\Desktop\路科验证_V2课程资料(1)\虚拟项目 I2C\虚拟项目 I2C\实验代码版本\rkv_v2pro_i2c-RKV_I2C_TB_05\rkv_i2c_tb\agents\lvc_apb3\lvc_apb_slave_seq_lib.sv ...
Done E:\Users\hp\Desktop\路科验证_V2课程资料(1)\虚拟项目 I2C\虚拟项目 I2C\实验代码版本\rkv_v2pro_i2c-RKV_I2C_TB_05\rkv_i2c_tb\agents\lvc_apb3\lvc_apb_slave_seq_lib.sv [0 ms, 45 lines, SystemVerilog_2012] ...
Loading (196) E:\Users\hp\Desktop\路科验证_V2课程资料(1)\虚拟项目 I2C\虚拟项目 I2C\实验代码版本\rkv_v2pro_i2c-RKV_I2C_TB_05\rkv_i2c_tb\agents\lvc_apb3\lvc_apb_reg_adapter.sv ...
Done E:\Users\hp\Desktop\路科验证_V2课程资料(1)\虚拟项目 I2C\虚拟项目 I2C\实验代码版本\rkv_v2pro_i2c-RKV_I2C_TB_05\rkv_i2c_tb\agents\lvc_apb3\lvc_apb_reg_adapter.sv [0 ms, 50 lines, SystemVerilog_2012] ...
Done E:\Users\hp\Desktop\路科验证_V2课程资料(1)\虚拟项目 I2C\虚拟项目 I2C\实验代码版本\rkv_v2pro_i2c-RKV_I2C_TB_05\rkv_i2c_tb\agents\lvc_apb3\lvc_apb.svh [0 ms, 53 lines, SystemVerilog_2012] ...
Done E:\Users\hp\Desktop\路科验证_V2课程资料(1)\虚拟项目 I2C\虚拟项目 I2C\实验代码版本\rkv_v2pro_i2c-RKV_I2C_TB_05\rkv_i2c_tb\agents\lvc_apb3\lvc_apb_pkg.sv [0 ms, 33 lines, SystemVerilog_2012] ...
Loading (197) E:\Users\hp\Desktop\路科验证_V2课程资料(1)\虚拟项目 I2C\虚拟项目 I2C\实验代码版本\rkv_v2pro_i2c-RKV_I2C_TB_05\rkv_i2c_tb\agents\lvc_i2c\lvc_i2c_if.sv ...
Done E:\Users\hp\Desktop\路科验证_V2课程资料(1)\虚拟项目 I2C\虚拟项目 I2C\实验代码版本\rkv_v2pro_i2c-RKV_I2C_TB_05\rkv_i2c_tb\agents\lvc_i2c\lvc_i2c_if.sv [0 ms, 131 lines, SystemVerilog_2012] ...
Loading (198) E:\Users\hp\Desktop\路科验证_V2课程资料(1)\虚拟项目 I2C\虚拟项目 I2C\实验代码版本\rkv_v2pro_i2c-RKV_I2C_TB_05\rkv_i2c_tb\agents\lvc_i2c\lvc_i2c_pkg.sv ...
Skip (optimized) E:\dvt_eclipse\predefined_projects\libs\uvm-1.2\src\uvm_macros.svh ...
Loading (199) E:\Users\hp\Desktop\路科验证_V2课程资料(1)\虚拟项目 I2C\虚拟项目 I2C\实验代码版本\rkv_v2pro_i2c-RKV_I2C_TB_05\rkv_i2c_tb\agents\lvc_i2c\lvc_i2c_defines.svh ...
Done E:\Users\hp\Desktop\路科验证_V2课程资料(1)\虚拟项目 I2C\虚拟项目 I2C\实验代码版本\rkv_v2pro_i2c-RKV_I2C_TB_05\rkv_i2c_tb\agents\lvc_i2c\lvc_i2c_defines.svh [0 ms, 206 lines, SystemVerilog_2012] ...
Loading (200) E:\Users\hp\Desktop\路科验证_V2课程资料(1)\虚拟项目 I2C\虚拟项目 I2C\实验代码版本\rkv_v2pro_i2c-RKV_I2C_TB_05\rkv_i2c_tb\agents\lvc_i2c\lvc_i2c_types.sv ...
Done E:\Users\hp\Desktop\路科验证_V2课程资料(1)\虚拟项目 I2C\虚拟项目 I2C\实验代码版本\rkv_v2pro_i2c-RKV_I2C_TB_05\rkv_i2c_tb\agents\lvc_i2c\lvc_i2c_types.sv [0 ms, 128 lines, SystemVerilog_2012] ...
Loading (201) E:\Users\hp\Desktop\路科验证_V2课程资料(1)\虚拟项目 I2C\虚拟项目 I2C\实验代码版本\rkv_v2pro_i2c-RKV_I2C_TB_05\rkv_i2c_tb\agents\lvc_i2c\lvc_configuration.sv ...
Done E:\Users\hp\Desktop\路科验证_V2课程资料(1)\虚拟项目 I2C\虚拟项目 I2C\实验代码版本\rkv_v2pro_i2c-RKV_I2C_TB_05\rkv_i2c_tb\agents\lvc_i2c\lvc_configuration.sv [16 ms, 47 lines, SystemVerilog_2012] ...
Loading (202) E:\Users\hp\Desktop\路科验证_V2课程资料(1)\虚拟项目 I2C\虚拟项目 I2C\实验代码版本\rkv_v2pro_i2c-RKV_I2C_TB_05\rkv_i2c_tb\agents\lvc_i2c\lvc_i2c_configuration.sv ...
Done E:\Users\hp\Desktop\路科验证_V2课程资料(1)\虚拟项目 I2C\虚拟项目 I2C\实验代码版本\rkv_v2pro_i2c-RKV_I2C_TB_05\rkv_i2c_tb\agents\lvc_i2c\lvc_i2c_configuration.sv [312 ms, 1636 lines, SystemVerilog_2012] ...
Loading (203) E:\Users\hp\Desktop\路科验证_V2课程资料(1)\虚拟项目 I2C\虚拟项目 I2C\实验代码版本\rkv_v2pro_i2c-RKV_I2C_TB_05\rkv_i2c_tb\agents\lvc_i2c\lvc_i2c_agent_configuration.sv ...
Done E:\Users\hp\Desktop\路科验证_V2课程资料(1)\虚拟项目 I2C\虚拟项目 I2C\实验代码版本\rkv_v2pro_i2c-RKV_I2C_TB_05\rkv_i2c_tb\agents\lvc_i2c\lvc_i2c_agent_configuration.sv [31 ms, 126 lines, SystemVerilog_2012] ...
Loading (204) E:\Users\hp\Desktop\路科验证_V2课程资料(1)\虚拟项目 I2C\虚拟项目 I2C\实验代码版本\rkv_v2pro_i2c-RKV_I2C_TB_05\rkv_i2c_tb\agents\lvc_i2c\lvc_i2c_transaction.sv ...
Done E:\Users\hp\Desktop\路科验证_V2课程资料(1)\虚拟项目 I2C\虚拟项目 I2C\实验代码版本\rkv_v2pro_i2c-RKV_I2C_TB_05\rkv_i2c_tb\agents\lvc_i2c\lvc_i2c_transaction.sv [125 ms, 533 lines, SystemVerilog_2012] ...
Loading (205) E:\Users\hp\Desktop\路科验证_V2课程资料(1)\虚拟项目 I2C\虚拟项目 I2C\实验代码版本\rkv_v2pro_i2c-RKV_I2C_TB_05\rkv_i2c_tb\agents\lvc_i2c\lvc_i2c_bfm_common.sv ...
Done E:\Users\hp\Desktop\路科验证_V2课程资料(1)\虚拟项目 I2C\虚拟项目 I2C\实验代码版本\rkv_v2pro_i2c-RKV_I2C_TB_05\rkv_i2c_tb\agents\lvc_i2c\lvc_i2c_bfm_common.sv [0 ms, 152 lines, SystemVerilog_2012] ...
Loading (206) E:\Users\hp\Desktop\路科验证_V2课程资料(1)\虚拟项目 I2C\虚拟项目 I2C\实验代码版本\rkv_v2pro_i2c-RKV_I2C_TB_05\rkv_i2c_tb\agents\lvc_i2c\lvc_i2c_sequencer.sv ...
Done E:\Users\hp\Desktop\路科验证_V2课程资料(1)\虚拟项目 I2C\虚拟项目 I2C\实验代码版本\rkv_v2pro_i2c-RKV_I2C_TB_05\rkv_i2c_tb\agents\lvc_i2c\lvc_i2c_sequencer.sv [0 ms, 63 lines, SystemVerilog_2012] ...
Loading (207) E:\Users\hp\Desktop\路科验证_V2课程资料(1)\虚拟项目 I2C\虚拟项目 I2C\实验代码版本\rkv_v2pro_i2c-RKV_I2C_TB_05\rkv_i2c_tb\agents\lvc_i2c\lvc_i2c_master_transaction.sv ...
Done E:\Users\hp\Desktop\路科验证_V2课程资料(1)\虚拟项目 I2C\虚拟项目 I2C\实验代码版本\rkv_v2pro_i2c-RKV_I2C_TB_05\rkv_i2c_tb\agents\lvc_i2c\lvc_i2c_master_transaction.sv [16 ms, 416 lines, SystemVerilog_2012] ...
Loading (208) E:\Users\hp\Desktop\路科验证_V2课程资料(1)\虚拟项目 I2C\虚拟项目 I2C\实验代码版本\rkv_v2pro_i2c-RKV_I2C_TB_05\rkv_i2c_tb\agents\lvc_i2c\lvc_i2c_master_sequencer.sv ...
Done E:\Users\hp\Desktop\路科验证_V2课程资料(1)\虚拟项目 I2C\虚拟项目 I2C\实验代码版本\rkv_v2pro_i2c-RKV_I2C_TB_05\rkv_i2c_tb\agents\lvc_i2c\lvc_i2c_master_sequencer.sv [0 ms, 94 lines, SystemVerilog_2012] ...
Loading (209) E:\Users\hp\Desktop\路科验证_V2课程资料(1)\虚拟项目 I2C\虚拟项目 I2C\实验代码版本\rkv_v2pro_i2c-RKV_I2C_TB_05\rkv_i2c_tb\agents\lvc_i2c\lvc_i2c_master_monitor_common.sv ...
Done E:\Users\hp\Desktop\路科验证_V2课程资料(1)\虚拟项目 I2C\虚拟项目 I2C\实验代码版本\rkv_v2pro_i2c-RKV_I2C_TB_05\rkv_i2c_tb\agents\lvc_i2c\lvc_i2c_master_monitor_common.sv [16 ms, 489 lines, SystemVerilog_2012] ...
Loading (210) E:\Users\hp\Desktop\路科验证_V2课程资料(1)\虚拟项目 I2C\虚拟项目 I2C\实验代码版本\rkv_v2pro_i2c-RKV_I2C_TB_05\rkv_i2c_tb\agents\lvc_i2c\lvc_i2c_master_monitor.sv ...
Done E:\Users\hp\Desktop\路科验证_V2课程资料(1)\虚拟项目 I2C\虚拟项目 I2C\实验代码版本\rkv_v2pro_i2c-RKV_I2C_TB_05\rkv_i2c_tb\agents\lvc_i2c\lvc_i2c_master_monitor.sv [15 ms, 210 lines, SystemVerilog_2012] ...
Loading (211) E:\Users\hp\Desktop\路科验证_V2课程资料(1)\虚拟项目 I2C\虚拟项目 I2C\实验代码版本\rkv_v2pro_i2c-RKV_I2C_TB_05\rkv_i2c_tb\agents\lvc_i2c\lvc_i2c_master_driver_callback.sv ...
Done E:\Users\hp\Desktop\路科验证_V2课程资料(1)\虚拟项目 I2C\虚拟项目 I2C\实验代码版本\rkv_v2pro_i2c-RKV_I2C_TB_05\rkv_i2c_tb\agents\lvc_i2c\lvc_i2c_master_driver_callback.sv [0 ms, 39 lines, SystemVerilog_2012] ...
Loading (212) E:\Users\hp\Desktop\路科验证_V2课程资料(1)\虚拟项目 I2C\虚拟项目 I2C\实验代码版本\rkv_v2pro_i2c-RKV_I2C_TB_05\rkv_i2c_tb\agents\lvc_i2c\lvc_i2c_master_driver_common.sv ...
Done E:\Users\hp\Desktop\路科验证_V2课程资料(1)\虚拟项目 I2C\虚拟项目 I2C\实验代码版本\rkv_v2pro_i2c-RKV_I2C_TB_05\rkv_i2c_tb\agents\lvc_i2c\lvc_i2c_master_driver_common.sv [16 ms, 1208 lines, SystemVerilog_2012] ...
Loading (213) E:\Users\hp\Desktop\路科验证_V2课程资料(1)\虚拟项目 I2C\虚拟项目 I2C\实验代码版本\rkv_v2pro_i2c-RKV_I2C_TB_05\rkv_i2c_tb\agents\lvc_i2c\lvc_i2c_master_driver.sv ...
Done E:\Users\hp\Desktop\路科验证_V2课程资料(1)\虚拟项目 I2C\虚拟项目 I2C\实验代码版本\rkv_v2pro_i2c-RKV_I2C_TB_05\rkv_i2c_tb\agents\lvc_i2c\lvc_i2c_master_driver.sv [15 ms, 337 lines, SystemVerilog_2012] ...
Loading (214) E:\Users\hp\Desktop\路科验证_V2课程资料(1)\虚拟项目 I2C\虚拟项目 I2C\实验代码版本\rkv_v2pro_i2c-RKV_I2C_TB_05\rkv_i2c_tb\agents\lvc_i2c\lvc_i2c_master_agent.sv ...
Done E:\Users\hp\Desktop\路科验证_V2课程资料(1)\虚拟项目 I2C\虚拟项目 I2C\实验代码版本\rkv_v2pro_i2c-RKV_I2C_TB_05\rkv_i2c_tb\agents\lvc_i2c\lvc_i2c_master_agent.sv [16 ms, 205 lines, SystemVerilog_2012] ...
Loading (215) E:\Users\hp\Desktop\路科验证_V2课程资料(1)\虚拟项目 I2C\虚拟项目 I2C\实验代码版本\rkv_v2pro_i2c-RKV_I2C_TB_05\rkv_i2c_tb\agents\lvc_i2c\lvc_i2c_slave_transaction.sv ...
Done E:\Users\hp\Desktop\路科验证_V2课程资料(1)\虚拟项目 I2C\虚拟项目 I2C\实验代码版本\rkv_v2pro_i2c-RKV_I2C_TB_05\rkv_i2c_tb\agents\lvc_i2c\lvc_i2c_slave_transaction.sv [0 ms, 241 lines, SystemVerilog_2012] ...
Loading (216) E:\Users\hp\Desktop\路科验证_V2课程资料(1)\虚拟项目 I2C\虚拟项目 I2C\实验代码版本\rkv_v2pro_i2c-RKV_I2C_TB_05\rkv_i2c_tb\agents\lvc_i2c\lvc_i2c_slave_sequencer.sv ...
Done E:\Users\hp\Desktop\路科验证_V2课程资料(1)\虚拟项目 I2C\虚拟项目 I2C\实验代码版本\rkv_v2pro_i2c-RKV_I2C_TB_05\rkv_i2c_tb\agents\lvc_i2c\lvc_i2c_slave_sequencer.sv [0 ms, 94 lines, SystemVerilog_2012] ...
Loading (217) E:\Users\hp\Desktop\路科验证_V2课程资料(1)\虚拟项目 I2C\虚拟项目 I2C\实验代码版本\rkv_v2pro_i2c-RKV_I2C_TB_05\rkv_i2c_tb\agents\lvc_i2c\lvc_i2c_slave_monitor_common.sv ...
Done E:\Users\hp\Desktop\路科验证_V2课程资料(1)\虚拟项目 I2C\虚拟项目 I2C\实验代码版本\rkv_v2pro_i2c-RKV_I2C_TB_05\rkv_i2c_tb\agents\lvc_i2c\lvc_i2c_slave_monitor_common.sv [16 ms, 473 lines, SystemVerilog_2012] ...
Loading (218) E:\Users\hp\Desktop\路科验证_V2课程资料(1)\虚拟项目 I2C\虚拟项目 I2C\实验代码版本\rkv_v2pro_i2c-RKV_I2C_TB_05\rkv_i2c_tb\agents\lvc_i2c\lvc_i2c_slave_monitor.sv ...
Done E:\Users\hp\Desktop\路科验证_V2课程资料(1)\虚拟项目 I2C\虚拟项目 I2C\实验代码版本\rkv_v2pro_i2c-RKV_I2C_TB_05\rkv_i2c_tb\agents\lvc_i2c\lvc_i2c_slave_monitor.sv [0 ms, 252 lines, SystemVerilog_2012] ...
Loading (219) E:\Users\hp\Desktop\路科验证_V2课程资料(1)\虚拟项目 I2C\虚拟项目 I2C\实验代码版本\rkv_v2pro_i2c-RKV_I2C_TB_05\rkv_i2c_tb\agents\lvc_i2c\lvc_i2c_slave_driver_common.sv ...
Done E:\Users\hp\Desktop\路科验证_V2课程资料(1)\虚拟项目 I2C\虚拟项目 I2C\实验代码版本\rkv_v2pro_i2c-RKV_I2C_TB_05\rkv_i2c_tb\agents\lvc_i2c\lvc_i2c_slave_driver_common.sv [15 ms, 527 lines, SystemVerilog_2012] ...
Loading (220) E:\Users\hp\Desktop\路科验证_V2课程资料(1)\虚拟项目 I2C\虚拟项目 I2C\实验代码版本\rkv_v2pro_i2c-RKV_I2C_TB_05\rkv_i2c_tb\agents\lvc_i2c\lvc_i2c_slave_driver.sv ...
Done E:\Users\hp\Desktop\路科验证_V2课程资料(1)\虚拟项目 I2C\虚拟项目 I2C\实验代码版本\rkv_v2pro_i2c-RKV_I2C_TB_05\rkv_i2c_tb\agents\lvc_i2c\lvc_i2c_slave_driver.sv [0 ms, 332 lines, SystemVerilog_2012] ...
Loading (221) E:\Users\hp\Desktop\路科验证_V2课程资料(1)\虚拟项目 I2C\虚拟项目 I2C\实验代码版本\rkv_v2pro_i2c-RKV_I2C_TB_05\rkv_i2c_tb\agents\lvc_i2c\lvc_i2c_slave_agent.sv ...
Done E:\Users\hp\Desktop\路科验证_V2课程资料(1)\虚拟项目 I2C\虚拟项目 I2C\实验代码版本\rkv_v2pro_i2c-RKV_I2C_TB_05\rkv_i2c_tb\agents\lvc_i2c\lvc_i2c_slave_agent.sv [26 ms, 208 lines, SystemVerilog_2012] ...
Loading (222) E:\Users\hp\Desktop\路科验证_V2课程资料(1)\虚拟项目 I2C\虚拟项目 I2C\实验代码版本\rkv_v2pro_i2c-RKV_I2C_TB_05\rkv_i2c_tb\agents\lvc_i2c\lvc_i2c_system_configuration.sv ...
Done E:\Users\hp\Desktop\路科验证_V2课程资料(1)\虚拟项目 I2C\虚拟项目 I2C\实验代码版本\rkv_v2pro_i2c-RKV_I2C_TB_05\rkv_i2c_tb\agents\lvc_i2c\lvc_i2c_system_configuration.sv [42 ms, 300 lines, SystemVerilog_2012] ...
Loading (223) E:\Users\hp\Desktop\路科验证_V2课程资料(1)\虚拟项目 I2C\虚拟项目 I2C\实验代码版本\rkv_v2pro_i2c-RKV_I2C_TB_05\rkv_i2c_tb\agents\lvc_i2c\lvc_i2c_system_sequencer.sv ...
Done E:\Users\hp\Desktop\路科验证_V2课程资料(1)\虚拟项目 I2C\虚拟项目 I2C\实验代码版本\rkv_v2pro_i2c-RKV_I2C_TB_05\rkv_i2c_tb\agents\lvc_i2c\lvc_i2c_system_sequencer.sv [6 ms, 78 lines, SystemVerilog_2012] ...
Loading (224) E:\Users\hp\Desktop\路科验证_V2课程资料(1)\虚拟项目 I2C\虚拟项目 I2C\实验代码版本\rkv_v2pro_i2c-RKV_I2C_TB_05\rkv_i2c_tb\agents\lvc_i2c\lvc_i2c_system_env.sv ...
Done E:\Users\hp\Desktop\路科验证_V2课程资料(1)\虚拟项目 I2C\虚拟项目 I2C\实验代码版本\rkv_v2pro_i2c-RKV_I2C_TB_05\rkv_i2c_tb\agents\lvc_i2c\lvc_i2c_system_env.sv [10 ms, 225 lines, SystemVerilog_2012] ...
Done E:\Users\hp\Desktop\路科验证_V2课程资料(1)\虚拟项目 I2C\虚拟项目 I2C\实验代码版本\rkv_v2pro_i2c-RKV_I2C_TB_05\rkv_i2c_tb\agents\lvc_i2c\lvc_i2c_pkg.sv [0 ms, 63 lines, SystemVerilog_2012] ...
Loading (225) E:\Users\hp\Desktop\路科验证_V2课程资料(1)\虚拟项目 I2C\虚拟项目 I2C\实验代码版本\rkv_v2pro_i2c-RKV_I2C_TB_05\rkv_i2c_tb\env\rkv_i2c_pkg.sv ...
Skip (optimized) E:\dvt_eclipse\predefined_projects\libs\uvm-1.2\src\uvm_macros.svh ...
Loading (226) E:\Users\hp\Desktop\路科验证_V2课程资料(1)\虚拟项目 I2C\虚拟项目 I2C\实验代码版本\rkv_v2pro_i2c-RKV_I2C_TB_05\rkv_i2c_tb\agents\lvc_i2c\lvc_i2c_defines.svh ...
Done E:\Users\hp\Desktop\路科验证_V2课程资料(1)\虚拟项目 I2C\虚拟项目 I2C\实验代码版本\rkv_v2pro_i2c-RKV_I2C_TB_05\rkv_i2c_tb\agents\lvc_i2c\lvc_i2c_defines.svh [0 ms, 206 lines, SystemVerilog_2012] ...
Loading (227) E:\Users\hp\Desktop\路科验证_V2课程资料(1)\虚拟项目 I2C\虚拟项目 I2C\实验代码版本\rkv_v2pro_i2c-RKV_I2C_TB_05\rkv_i2c_tb\reg\ral_rkv_i2c.sv ...
Done E:\Users\hp\Desktop\路科验证_V2课程资料(1)\虚拟项目 I2C\虚拟项目 I2C\实验代码版本\rkv_v2pro_i2c-RKV_I2C_TB_05\rkv_i2c_tb\reg\ral_rkv_i2c.sv [90 ms, 2456 lines, SystemVerilog_2012] ...
Loading (228) E:\Users\hp\Desktop\路科验证_V2课程资料(1)\虚拟项目 I2C\虚拟项目 I2C\实验代码版本\rkv_v2pro_i2c-RKV_I2C_TB_05\rkv_i2c_tb\cfg\rkv_i2c_configs.svh ...
Loading (229) E:\Users\hp\Desktop\路科验证_V2课程资料(1)\虚拟项目 I2C\虚拟项目 I2C\实验代码版本\rkv_v2pro_i2c-RKV_I2C_TB_05\rkv_i2c_tb\cfg\rkv_i2c_defines.svh ...
Done E:\Users\hp\Desktop\路科验证_V2课程资料(1)\虚拟项目 I2C\虚拟项目 I2C\实验代码版本\rkv_v2pro_i2c-RKV_I2C_TB_05\rkv_i2c_tb\cfg\rkv_i2c_defines.svh [125 ms, 35 lines, SystemVerilog_2012] ...
Loading (230) E:\Users\hp\Desktop\路科验证_V2课程资料(1)\虚拟项目 I2C\虚拟项目 I2C\实验代码版本\rkv_v2pro_i2c-RKV_I2C_TB_05\rkv_i2c_tb\cfg\rkv_i2c_config.sv ...
Done E:\Users\hp\Desktop\路科验证_V2课程资料(1)\虚拟项目 I2C\虚拟项目 I2C\实验代码版本\rkv_v2pro_i2c-RKV_I2C_TB_05\rkv_i2c_tb\cfg\rkv_i2c_config.sv [0 ms, 52 lines, SystemVerilog_2012] ...
Done E:\Users\hp\Desktop\路科验证_V2课程资料(1)\虚拟项目 I2C\虚拟项目 I2C\实验代码版本\rkv_v2pro_i2c-RKV_I2C_TB_05\rkv_i2c_tb\cfg\rkv_i2c_configs.svh [0 ms, 9 lines, SystemVerilog_2012] ...
Loading (231) E:\Users\hp\Desktop\路科验证_V2课程资料(1)\虚拟项目 I2C\虚拟项目 I2C\实验代码版本\rkv_v2pro_i2c-RKV_I2C_TB_05\rkv_i2c_tb\env\rkv_i2c_master_scoreboard.sv ...
Done E:\Users\hp\Desktop\路科验证_V2课程资料(1)\虚拟项目 I2C\虚拟项目 I2C\实验代码版本\rkv_v2pro_i2c-RKV_I2C_TB_05\rkv_i2c_tb\env\rkv_i2c_master_scoreboard.sv [0 ms, 230 lines, SystemVerilog_2012] ...
Loading (232) E:\Users\hp\Desktop\路科验证_V2课程资料(1)\虚拟项目 I2C\虚拟项目 I2C\实验代码版本\rkv_v2pro_i2c-RKV_I2C_TB_05\rkv_i2c_tb\cov\rkv_i2c_cgm.sv ...
Done E:\Users\hp\Desktop\路科验证_V2课程资料(1)\虚拟项目 I2C\虚拟项目 I2C\实验代码版本\rkv_v2pro_i2c-RKV_I2C_TB_05\rkv_i2c_tb\cov\rkv_i2c_cgm.sv [16 ms, 490 lines, SystemVerilog_2012] ...
Loading (233) E:\Users\hp\Desktop\路科验证_V2课程资料(1)\虚拟项目 I2C\虚拟项目 I2C\实验代码版本\rkv_v2pro_i2c-RKV_I2C_TB_05\rkv_i2c_tb\env\rkv_i2c_virtual_sequencer.sv ...
Done E:\Users\hp\Desktop\路科验证_V2课程资料(1)\虚拟项目 I2C\虚拟项目 I2C\实验代码版本\rkv_v2pro_i2c-RKV_I2C_TB_05\rkv_i2c_tb\env\rkv_i2c_virtual_sequencer.sv [62 ms, 33 lines, SystemVerilog_2012] ...
Loading (234) E:\Users\hp\Desktop\路科验证_V2课程资料(1)\虚拟项目 I2C\虚拟项目 I2C\实验代码版本\rkv_v2pro_i2c-RKV_I2C_TB_05\rkv_i2c_tb\env\rkv_i2c_env.sv ...
Done E:\Users\hp\Desktop\路科验证_V2课程资料(1)\虚拟项目 I2C\虚拟项目 I2C\实验代码版本\rkv_v2pro_i2c-RKV_I2C_TB_05\rkv_i2c_tb\env\rkv_i2c_env.sv [0 ms, 113 lines, SystemVerilog_2012] ...
Loading (235) E:\Users\hp\Desktop\路科验证_V2课程资料(1)\虚拟项目 I2C\虚拟项目 I2C\实验代码版本\rkv_v2pro_i2c-RKV_I2C_TB_05\rkv_i2c_tb\seq_lib\elem_seqs\rkv_i2c_element_sequences.svh ...
Loading (236) E:\Users\hp\Desktop\路科验证_V2课程资料(1)\虚拟项目 I2C\虚拟项目 I2C\实验代码版本\rkv_v2pro_i2c-RKV_I2C_TB_05\rkv_i2c_tb\seq_lib\elem_seqs\rkv_apb_base_sequence.sv ...
Done E:\Users\hp\Desktop\路科验证_V2课程资料(1)\虚拟项目 I2C\虚拟项目 I2C\实验代码版本\rkv_v2pro_i2c-RKV_I2C_TB_05\rkv_i2c_tb\seq_lib\elem_seqs\rkv_apb_base_sequence.sv [0 ms, 64 lines, SystemVerilog_2012] ...
Loading (237) E:\Users\hp\Desktop\路科验证_V2课程资料(1)\虚拟项目 I2C\虚拟项目 I2C\实验代码版本\rkv_v2pro_i2c-RKV_I2C_TB_05\rkv_i2c_tb\seq_lib\elem_seqs\rkv_apb_config_seq.sv ...
Done E:\Users\hp\Desktop\路科验证_V2课程资料(1)\虚拟项目 I2C\虚拟项目 I2C\实验代码版本\rkv_v2pro_i2c-RKV_I2C_TB_05\rkv_i2c_tb\seq_lib\elem_seqs\rkv_apb_config_seq.sv [125 ms, 53 lines, SystemVerilog_2012] ...
Loading (238) E:\Users\hp\Desktop\路科验证_V2课程资料(1)\虚拟项目 I2C\虚拟项目 I2C\实验代码版本\rkv_v2pro_i2c-RKV_I2C_TB_05\rkv_i2c_tb\seq_lib\elem_seqs\rkv_apb_write_packet_seq.sv ...
Done E:\Users\hp\Desktop\路科验证_V2课程资料(1)\虚拟项目 I2C\虚拟项目 I2C\实验代码版本\rkv_v2pro_i2c-RKV_I2C_TB_05\rkv_i2c_tb\seq_lib\elem_seqs\rkv_apb_write_packet_seq.sv [0 ms, 44 lines, SystemVerilog_2012] ...
Loading (239) E:\Users\hp\Desktop\路科验证_V2课程资料(1)\虚拟项目 I2C\虚拟项目 I2C\实验代码版本\rkv_v2pro_i2c-RKV_I2C_TB_05\rkv_i2c_tb\seq_lib\elem_seqs\rkv_apb_read_packet_seq.sv ...
Done E:\Users\hp\Desktop\路科验证_V2课程资料(1)\虚拟项目 I2C\虚拟项目 I2C\实验代码版本\rkv_v2pro_i2c-RKV_I2C_TB_05\rkv_i2c_tb\seq_lib\elem_seqs\rkv_apb_read_packet_seq.sv [0 ms, 70 lines, SystemVerilog_2012] ...
Loading (240) E:\Users\hp\Desktop\路科验证_V2课程资料(1)\虚拟项目 I2C\虚拟项目 I2C\实验代码版本\rkv_v2pro_i2c-RKV_I2C_TB_05\rkv_i2c_tb\seq_lib\elem_seqs\rkv_apb_wait_empty_seq.sv ...
Done E:\Users\hp\Desktop\路科验证_V2课程资料(1)\虚拟项目 I2C\虚拟项目 I2C\实验代码版本\rkv_v2pro_i2c-RKV_I2C_TB_05\rkv_i2c_tb\seq_lib\elem_seqs\rkv_apb_wait_empty_seq.sv [0 ms, 31 lines, SystemVerilog_2012] ...
Loading (241) E:\Users\hp\Desktop\路科验证_V2课程资料(1)\虚拟项目 I2C\虚拟项目 I2C\实验代码版本\rkv_v2pro_i2c-RKV_I2C_TB_05\rkv_i2c_tb\seq_lib\elem_seqs\rkv_apb_intr_enable_seq.sv ...
Done E:\Users\hp\Desktop\路科验证_V2课程资料(1)\虚拟项目 I2C\虚拟项目 I2C\实验代码版本\rkv_v2pro_i2c-RKV_I2C_TB_05\rkv_i2c_tb\seq_lib\elem_seqs\rkv_apb_intr_enable_seq.sv [0 ms, 25 lines, SystemVerilog_2012] ...
Loading (242) E:\Users\hp\Desktop\路科验证_V2课程资料(1)\虚拟项目 I2C\虚拟项目 I2C\实验代码版本\rkv_v2pro_i2c-RKV_I2C_TB_05\rkv_i2c_tb\seq_lib\elem_seqs\rkv_apb_intr_wait_seq.sv ...
Done E:\Users\hp\Desktop\路科验证_V2课程资料(1)\虚拟项目 I2C\虚拟项目 I2C\实验代码版本\rkv_v2pro_i2c-RKV_I2C_TB_05\rkv_i2c_tb\seq_lib\elem_seqs\rkv_apb_intr_wait_seq.sv [0 ms, 49 lines, SystemVerilog_2012] ...
Loading (243) E:\Users\hp\Desktop\路科验证_V2课程资料(1)\虚拟项目 I2C\虚拟项目 I2C\实验代码版本\rkv_v2pro_i2c-RKV_I2C_TB_05\rkv_i2c_tb\seq_lib\elem_seqs\rkv_apb_intr_clear_seq.sv ...
Done E:\Users\hp\Desktop\路科验证_V2课程资料(1)\虚拟项目 I2C\虚拟项目 I2C\实验代码版本\rkv_v2pro_i2c-RKV_I2C_TB_05\rkv_i2c_tb\seq_lib\elem_seqs\rkv_apb_intr_clear_seq.sv [0 ms, 47 lines, SystemVerilog_2012] ...
Loading (244) E:\Users\hp\Desktop\路科验证_V2课程资料(1)\虚拟项目 I2C\虚拟项目 I2C\实验代码版本\rkv_v2pro_i2c-RKV_I2C_TB_05\rkv_i2c_tb\seq_lib\elem_seqs\rkv_i2c_base_sequence.sv ...
Done E:\Users\hp\Desktop\路科验证_V2课程资料(1)\虚拟项目 I2C\虚拟项目 I2C\实验代码版本\rkv_v2pro_i2c-RKV_I2C_TB_05\rkv_i2c_tb\seq_lib\elem_seqs\rkv_i2c_base_sequence.sv [16 ms, 28 lines, SystemVerilog_2012] ...
Loading (245) E:\Users\hp\Desktop\路科验证_V2课程资料(1)\虚拟项目 I2C\虚拟项目 I2C\实验代码版本\rkv_v2pro_i2c-RKV_I2C_TB_05\rkv_i2c_tb\seq_lib\elem_seqs\rkv_i2c_slave_base_sequence.sv ...
Done E:\Users\hp\Desktop\路科验证_V2课程资料(1)\虚拟项目 I2C\虚拟项目 I2C\实验代码版本\rkv_v2pro_i2c-RKV_I2C_TB_05\rkv_i2c_tb\seq_lib\elem_seqs\rkv_i2c_slave_base_sequence.sv [0 ms, 40 lines, SystemVerilog_2012] ...
Loading (246) E:\Users\hp\Desktop\路科验证_V2课程资料(1)\虚拟项目 I2C\虚拟项目 I2C\实验代码版本\rkv_v2pro_i2c-RKV_I2C_TB_05\rkv_i2c_tb\seq_lib\elem_seqs\rkv_i2c_slave_write_response_seq.sv ...
Done E:\Users\hp\Desktop\路科验证_V2课程资料(1)\虚拟项目 I2C\虚拟项目 I2C\实验代码版本\rkv_v2pro_i2c-RKV_I2C_TB_05\rkv_i2c_tb\seq_lib\elem_seqs\rkv_i2c_slave_write_response_seq.sv [63 ms, 40 lines, SystemVerilog_2012] ...
Loading (247) E:\Users\hp\Desktop\路科验证_V2课程资料(1)\虚拟项目 I2C\虚拟项目 I2C\实验代码版本\rkv_v2pro_i2c-RKV_I2C_TB_05\rkv_i2c_tb\seq_lib\elem_seqs\rkv_i2c_slave_read_response_seq.sv ...
Done E:\Users\hp\Desktop\路科验证_V2课程资料(1)\虚拟项目 I2C\虚拟项目 I2C\实验代码版本\rkv_v2pro_i2c-RKV_I2C_TB_05\rkv_i2c_tb\seq_lib\elem_seqs\rkv_i2c_slave_read_response_seq.sv [0 ms, 41 lines, SystemVerilog_2012] ...
Done E:\Users\hp\Desktop\路科验证_V2课程资料(1)\虚拟项目 I2C\虚拟项目 I2C\实验代码版本\rkv_v2pro_i2c-RKV_I2C_TB_05\rkv_i2c_tb\seq_lib\elem_seqs\rkv_i2c_element_sequences.svh [0 ms, 22 lines, SystemVerilog_2012] ...
Loading (248) E:\Users\hp\Desktop\路科验证_V2课程资料(1)\虚拟项目 I2C\虚拟项目 I2C\实验代码版本\rkv_v2pro_i2c-RKV_I2C_TB_05\rkv_i2c_tb\seq_lib\user_elem_seqs\rkv_i2c_user_element_sequences.svh ...
Loading (249) E:\Users\hp\Desktop\路科验证_V2课程资料(1)\虚拟项目 I2C\虚拟项目 I2C\实验代码版本\rkv_v2pro_i2c-RKV_I2C_TB_05\rkv_i2c_tb\seq_lib\user_elem_seqs\rkv_apb_noread_packet_seq.sv ...
Done E:\Users\hp\Desktop\路科验证_V2课程资料(1)\虚拟项目 I2C\虚拟项目 I2C\实验代码版本\rkv_v2pro_i2c-RKV_I2C_TB_05\rkv_i2c_tb\seq_lib\user_elem_seqs\rkv_apb_noread_packet_seq.sv [0 ms, 43 lines, SystemVerilog_2012] ...
Loading (250) E:\Users\hp\Desktop\路科验证_V2课程资料(1)\虚拟项目 I2C\虚拟项目 I2C\实验代码版本\rkv_v2pro_i2c-RKV_I2C_TB_05\rkv_i2c_tb\seq_lib\user_elem_seqs\rkv_apb_write_nocheck_packet_seq.sv ...
Done E:\Users\hp\Desktop\路科验证_V2课程资料(1)\虚拟项目 I2C\虚拟项目 I2C\实验代码版本\rkv_v2pro_i2c-RKV_I2C_TB_05\rkv_i2c_tb\seq_lib\user_elem_seqs\rkv_apb_write_nocheck_packet_seq.sv [0 ms, 39 lines, SystemVerilog_2012] ...
Loading (251) E:\Users\hp\Desktop\路科验证_V2课程资料(1)\虚拟项目 I2C\虚拟项目 I2C\实验代码版本\rkv_v2pro_i2c-RKV_I2C_TB_05\rkv_i2c_tb\seq_lib\user_elem_seqs\rkv_apb_user_config_seq.sv ...
Done E:\Users\hp\Desktop\路科验证_V2课程资料(1)\虚拟项目 I2C\虚拟项目 I2C\实验代码版本\rkv_v2pro_i2c-RKV_I2C_TB_05\rkv_i2c_tb\seq_lib\user_elem_seqs\rkv_apb_user_config_seq.sv [15 ms, 86 lines, SystemVerilog_2012] ...
Loading (252) E:\Users\hp\Desktop\路科验证_V2课程资料(1)\虚拟项目 I2C\虚拟项目 I2C\实验代码版本\rkv_v2pro_i2c-RKV_I2C_TB_05\rkv_i2c_tb\seq_lib\user_elem_seqs\rkv_apb_user_read_packet_seq.sv ...
Done E:\Users\hp\Desktop\路科验证_V2课程资料(1)\虚拟项目 I2C\虚拟项目 I2C\实验代码版本\rkv_v2pro_i2c-RKV_I2C_TB_05\rkv_i2c_tb\seq_lib\user_elem_seqs\rkv_apb_user_read_packet_seq.sv [0 ms, 33 lines, SystemVerilog_2012] ...
Loading (253) E:\Users\hp\Desktop\路科验证_V2课程资料(1)\虚拟项目 I2C\虚拟项目 I2C\实验代码版本\rkv_v2pro_i2c-RKV_I2C_TB_05\rkv_i2c_tb\seq_lib\user_elem_seqs\rkv_apb_user_read_rx_fifo_seq.sv ...
Done E:\Users\hp\Desktop\路科验证_V2课程资料(1)\虚拟项目 I2C\虚拟项目 I2C\实验代码版本\rkv_v2pro_i2c-RKV_I2C_TB_05\rkv_i2c_tb\seq_lib\user_elem_seqs\rkv_apb_user_read_rx_fifo_seq.sv [0 ms, 32 lines, SystemVerilog_2012] ...
Loading (254) E:\Users\hp\Desktop\路科验证_V2课程资料(1)\虚拟项目 I2C\虚拟项目 I2C\实验代码版本\rkv_v2pro_i2c-RKV_I2C_TB_05\rkv_i2c_tb\seq_lib\user_elem_seqs\rkv_apb_user_wait_detect_abort_source_seq.sv ...
Done E:\Users\hp\Desktop\路科验证_V2课程资料(1)\虚拟项目 I2C\虚拟项目 I2C\实验代码版本\rkv_v2pro_i2c-RKV_I2C_TB_05\rkv_i2c_tb\seq_lib\user_elem_seqs\rkv_apb_user_wait_detect_abort_source_seq.sv [16 ms, 51 lines, SystemVerilog_2012] ...
Loading (255) E:\Users\hp\Desktop\路科验证_V2课程资料(1)\虚拟项目 I2C\虚拟项目 I2C\实验代码版本\rkv_v2pro_i2c-RKV_I2C_TB_05\rkv_i2c_tb\seq_lib\user_elem_seqs\rkv_apb_user_wait_empty_seq.sv ...
Done E:\Users\hp\Desktop\路科验证_V2课程资料(1)\虚拟项目 I2C\虚拟项目 I2C\实验代码版本\rkv_v2pro_i2c-RKV_I2C_TB_05\rkv_i2c_tb\seq_lib\user_elem_seqs\rkv_apb_user_wait_empty_seq.sv [62 ms, 30 lines, SystemVerilog_2012] ...
Loading (256) E:\Users\hp\Desktop\路科验证_V2课程资料(1)\虚拟项目 I2C\虚拟项目 I2C\实验代码版本\rkv_v2pro_i2c-RKV_I2C_TB_05\rkv_i2c_tb\seq_lib\user_elem_seqs\rkv_apb_user_write_packet_seq.sv ...
Done E:\Users\hp\Desktop\路科验证_V2课程资料(1)\虚拟项目 I2C\虚拟项目 I2C\实验代码版本\rkv_v2pro_i2c-RKV_I2C_TB_05\rkv_i2c_tb\seq_lib\user_elem_seqs\rkv_apb_user_write_packet_seq.sv [0 ms, 34 lines, SystemVerilog_2012] ...
Loading (257) E:\Users\hp\Desktop\路科验证_V2课程资料(1)\虚拟项目 I2C\虚拟项目 I2C\实验代码版本\rkv_v2pro_i2c-RKV_I2C_TB_05\rkv_i2c_tb\seq_lib\user_elem_seqs\rkv_apb_user_address_check_seq.sv ...
Done E:\Users\hp\Desktop\路科验证_V2课程资料(1)\虚拟项目 I2C\虚拟项目 I2C\实验代码版本\rkv_v2pro_i2c-RKV_I2C_TB_05\rkv_i2c_tb\seq_lib\user_elem_seqs\rkv_apb_user_address_check_seq.sv [0 ms, 35 lines, SystemVerilog_2012] ...
Done E:\Users\hp\Desktop\路科验证_V2课程资料(1)\虚拟项目 I2C\虚拟项目 I2C\实验代码版本\rkv_v2pro_i2c-RKV_I2C_TB_05\rkv_i2c_tb\seq_lib\user_elem_seqs\rkv_i2c_user_element_sequences.svh [0 ms, 18 lines, SystemVerilog_2012] ...
Loading (258) E:\Users\hp\Desktop\路科验证_V2课程资料(1)\虚拟项目 I2C\虚拟项目 I2C\实验代码版本\rkv_v2pro_i2c-RKV_I2C_TB_05\rkv_i2c_tb\seq_lib\rkv_i2c_virtual_sequences.svh ...
Loading (259) E:\Users\hp\Desktop\路科验证_V2课程资料(1)\虚拟项目 I2C\虚拟项目 I2C\实验代码版本\rkv_v2pro_i2c-RKV_I2C_TB_05\rkv_i2c_tb\seq_lib\rkv_i2c_base_virtual_sequence.sv ...
Done E:\Users\hp\Desktop\路科验证_V2课程资料(1)\虚拟项目 I2C\虚拟项目 I2C\实验代码版本\rkv_v2pro_i2c-RKV_I2C_TB_05\rkv_i2c_tb\seq_lib\rkv_i2c_base_virtual_sequence.sv [0 ms, 89 lines, SystemVerilog_2012] ...
Loading (260) E:\Users\hp\Desktop\路科验证_V2课程资料(1)\虚拟项目 I2C\虚拟项目 I2C\实验代码版本\rkv_v2pro_i2c-RKV_I2C_TB_05\rkv_i2c_tb\seq_lib\rkv_i2c_quick_reg_access_virt_seq.sv ...
Done E:\Users\hp\Desktop\路科验证_V2课程资料(1)\虚拟项目 I2C\虚拟项目 I2C\实验代码版本\rkv_v2pro_i2c-RKV_I2C_TB_05\rkv_i2c_tb\seq_lib\rkv_i2c_quick_reg_access_virt_seq.sv [0 ms, 48 lines, SystemVerilog_2012] ...
Loading (261) E:\Users\hp\Desktop\路科验证_V2课程资料(1)\虚拟项目 I2C\虚拟项目 I2C\实验代码版本\rkv_v2pro_i2c-RKV_I2C_TB_05\rkv_i2c_tb\seq_lib\rkv_i2c_reg_hw_reset_virt_seq.sv ...
Done E:\Users\hp\Desktop\路科验证_V2课程资料(1)\虚拟项目 I2C\虚拟项目 I2C\实验代码版本\rkv_v2pro_i2c-RKV_I2C_TB_05\rkv_i2c_tb\seq_lib\rkv_i2c_reg_hw_reset_virt_seq.sv [0 ms, 38 lines, SystemVerilog_2012] ...
Loading (262) E:\Users\hp\Desktop\路科验证_V2课程资料(1)\虚拟项目 I2C\虚拟项目 I2C\实验代码版本\rkv_v2pro_i2c-RKV_I2C_TB_05\rkv_i2c_tb\seq_lib\rkv_i2c_reg_bit_bash_virt_seq.sv ...
Done E:\Users\hp\Desktop\路科验证_V2课程资料(1)\虚拟项目 I2C\虚拟项目 I2C\实验代码版本\rkv_v2pro_i2c-RKV_I2C_TB_05\rkv_i2c_tb\seq_lib\rkv_i2c_reg_bit_bash_virt_seq.sv [16 ms, 37 lines, SystemVerilog_2012] ...
Loading (263) E:\Users\hp\Desktop\路科验证_V2课程资料(1)\虚拟项目 I2C\虚拟项目 I2C\实验代码版本\rkv_v2pro_i2c-RKV_I2C_TB_05\rkv_i2c_tb\seq_lib\rkv_i2c_reg_access_virt_seq.sv ...
Done E:\Users\hp\Desktop\路科验证_V2课程资料(1)\虚拟项目 I2C\虚拟项目 I2C\实验代码版本\rkv_v2pro_i2c-RKV_I2C_TB_05\rkv_i2c_tb\seq_lib\rkv_i2c_reg_access_virt_seq.sv [0 ms, 36 lines, SystemVerilog_2012] ...
Loading (264) E:\Users\hp\Desktop\路科验证_V2课程资料(1)\虚拟项目 I2C\虚拟项目 I2C\实验代码版本\rkv_v2pro_i2c-RKV_I2C_TB_05\rkv_i2c_tb\seq_lib\rkv_i2c_master_directed_interrupt_virt_seq.sv ...
Done E:\Users\hp\Desktop\路科验证_V2课程资料(1)\虚拟项目 I2C\虚拟项目 I2C\实验代码版本\rkv_v2pro_i2c-RKV_I2C_TB_05\rkv_i2c_tb\seq_lib\rkv_i2c_master_directed_interrupt_virt_seq.sv [62 ms, 60 lines, SystemVerilog_2012] ...
Loading (265) E:\Users\hp\Desktop\路科验证_V2课程资料(1)\虚拟项目 I2C\虚拟项目 I2C\实验代码版本\rkv_v2pro_i2c-RKV_I2C_TB_05\rkv_i2c_tb\seq_lib\rkv_i2c_master_directed_write_packet_virt_seq.sv ...
Done E:\Users\hp\Desktop\路科验证_V2课程资料(1)\虚拟项目 I2C\虚拟项目 I2C\实验代码版本\rkv_v2pro_i2c-RKV_I2C_TB_05\rkv_i2c_tb\seq_lib\rkv_i2c_master_directed_write_packet_virt_seq.sv [16 ms, 47 lines, SystemVerilog_2012] ...
Loading (266) E:\Users\hp\Desktop\路科验证_V2课程资料(1)\虚拟项目 I2C\虚拟项目 I2C\实验代码版本\rkv_v2pro_i2c-RKV_I2C_TB_05\rkv_i2c_tb\seq_lib\rkv_i2c_master_directed_read_packet_virt_seq.sv ...
Done E:\Users\hp\Desktop\路科验证_V2课程资料(1)\虚拟项目 I2C\虚拟项目 I2C\实验代码版本\rkv_v2pro_i2c-RKV_I2C_TB_05\rkv_i2c_tb\seq_lib\rkv_i2c_master_directed_read_packet_virt_seq.sv [0 ms, 53 lines, SystemVerilog_2012] ...
Done E:\Users\hp\Desktop\路科验证_V2课程资料(1)\虚拟项目 I2C\虚拟项目 I2C\实验代码版本\rkv_v2pro_i2c-RKV_I2C_TB_05\rkv_i2c_tb\seq_lib\rkv_i2c_virtual_sequences.svh [0 ms, 16 lines, SystemVerilog_2012] ...
Loading (267) E:\Users\hp\Desktop\路科验证_V2课程资料(1)\虚拟项目 I2C\虚拟项目 I2C\实验代码版本\rkv_v2pro_i2c-RKV_I2C_TB_05\rkv_i2c_tb\seq_lib\user_virt_seqs\rkv_i2c_user_virtual_sequences.svh ...
Loading (268) E:\Users\hp\Desktop\路科验证_V2课程资料(1)\虚拟项目 I2C\虚拟项目 I2C\实验代码版本\rkv_v2pro_i2c-RKV_I2C_TB_05\rkv_i2c_tb\seq_lib\user_virt_seqs\rkv_i2c_master_sda_control_cg_virt_seq.sv ...
Done E:\Users\hp\Desktop\路科验证_V2课程资料(1)\虚拟项目 I2C\虚拟项目 I2C\实验代码版本\rkv_v2pro_i2c-RKV_I2C_TB_05\rkv_i2c_tb\seq_lib\user_virt_seqs\rkv_i2c_master_sda_control_cg_virt_seq.sv [16 ms, 88 lines, SystemVerilog_2012] ...
Loading (269) E:\Users\hp\Desktop\路科验证_V2课程资料(1)\虚拟项目 I2C\虚拟项目 I2C\实验代码版本\rkv_v2pro_i2c-RKV_I2C_TB_05\rkv_i2c_tb\seq_lib\user_virt_seqs\rkv_i2c_master_address_cg_virt_seq.sv ...
Done E:\Users\hp\Desktop\路科验证_V2课程资料(1)\虚拟项目 I2C\虚拟项目 I2C\实验代码版本\rkv_v2pro_i2c-RKV_I2C_TB_05\rkv_i2c_tb\seq_lib\user_virt_seqs\rkv_i2c_master_address_cg_virt_seq.sv [15 ms, 85 lines, SystemVerilog_2012] ...
Loading (270) E:\Users\hp\Desktop\路科验证_V2课程资料(1)\虚拟项目 I2C\虚拟项目 I2C\实验代码版本\rkv_v2pro_i2c-RKV_I2C_TB_05\rkv_i2c_tb\seq_lib\user_virt_seqs\rkv_i2c_master_enabled_cg_virt_seq.sv ...
Done E:\Users\hp\Desktop\路科验证_V2课程资料(1)\虚拟项目 I2C\虚拟项目 I2C\实验代码版本\rkv_v2pro_i2c-RKV_I2C_TB_05\rkv_i2c_tb\seq_lib\user_virt_seqs\rkv_i2c_master_enabled_cg_virt_seq.sv [31 ms, 98 lines, SystemVerilog_2012] ...
Loading (271) E:\Users\hp\Desktop\路科验证_V2课程资料(1)\虚拟项目 I2C\虚拟项目 I2C\实验代码版本\rkv_v2pro_i2c-RKV_I2C_TB_05\rkv_i2c_tb\seq_lib\user_virt_seqs\rkv_i2c_master_timeout_cg_virt_seq.sv ...
Done E:\Users\hp\Desktop\路科验证_V2课程资料(1)\虚拟项目 I2C\虚拟项目 I2C\实验代码版本\rkv_v2pro_i2c-RKV_I2C_TB_05\rkv_i2c_tb\seq_lib\user_virt_seqs\rkv_i2c_master_timeout_cg_virt_seq.sv [0 ms, 54 lines, SystemVerilog_2012] ...
Loading (272) E:\Users\hp\Desktop\路科验证_V2课程资料(1)\虚拟项目 I2C\虚拟项目 I2C\实验代码版本\rkv_v2pro_i2c-RKV_I2C_TB_05\rkv_i2c_tb\seq_lib\user_virt_seqs\rkv_i2c_master_start_byte_virt_seq.sv ...
Done E:\Users\hp\Desktop\路科验证_V2课程资料(1)\虚拟项目 I2C\虚拟项目 I2C\实验代码版本\rkv_v2pro_i2c-RKV_I2C_TB_05\rkv_i2c_tb\seq_lib\user_virt_seqs\rkv_i2c_master_start_byte_virt_seq.sv [63 ms, 54 lines, SystemVerilog_2012] ...
Loading (273) E:\Users\hp\Desktop\路科验证_V2课程资料(1)\虚拟项目 I2C\虚拟项目 I2C\实验代码版本\rkv_v2pro_i2c-RKV_I2C_TB_05\rkv_i2c_tb\seq_lib\user_virt_seqs\rkv_i2c_master_hs_master_code_virt_seq.sv ...
Done E:\Users\hp\Desktop\路科验证_V2课程资料(1)\虚拟项目 I2C\虚拟项目 I2C\实验代码版本\rkv_v2pro_i2c-RKV_I2C_TB_05\rkv_i2c_tb\seq_lib\user_virt_seqs\rkv_i2c_master_hs_master_code_virt_seq.sv [40 ms, 246 lines, SystemVerilog_2012] ...
Loading (274) E:\Users\hp\Desktop\路科验证_V2课程资料(1)\虚拟项目 I2C\虚拟项目 I2C\实验代码版本\rkv_v2pro_i2c-RKV_I2C_TB_05\rkv_i2c_tb\seq_lib\user_virt_seqs\rkv_i2c_master_tx_empty_intr_virt_seq.sv ...
Done E:\Users\hp\Desktop\路科验证_V2课程资料(1)\虚拟项目 I2C\虚拟项目 I2C\实验代码版本\rkv_v2pro_i2c-RKV_I2C_TB_05\rkv_i2c_tb\seq_lib\user_virt_seqs\rkv_i2c_master_tx_empty_intr_virt_seq.sv [25 ms, 70 lines, SystemVerilog_2012] ...
Loading (275) E:\Users\hp\Desktop\路科验证_V2课程资料(1)\虚拟项目 I2C\虚拟项目 I2C\实验代码版本\rkv_v2pro_i2c-RKV_I2C_TB_05\rkv_i2c_tb\seq_lib\user_virt_seqs\rkv_i2c_master_rx_over_intr_virt_seq.sv ...
Done E:\Users\hp\Desktop\路科验证_V2课程资料(1)\虚拟项目 I2C\虚拟项目 I2C\实验代码版本\rkv_v2pro_i2c-RKV_I2C_TB_05\rkv_i2c_tb\seq_lib\user_virt_seqs\rkv_i2c_master_rx_over_intr_virt_seq.sv [12 ms, 87 lines, SystemVerilog_2012] ...
Loading (276) E:\Users\hp\Desktop\路科验证_V2课程资料(1)\虚拟项目 I2C\虚拟项目 I2C\实验代码版本\rkv_v2pro_i2c-RKV_I2C_TB_05\rkv_i2c_tb\seq_lib\user_virt_seqs\rkv_i2c_master_rx_full_intr_virt_seq.sv ...
Done E:\Users\hp\Desktop\路科验证_V2课程资料(1)\虚拟项目 I2C\虚拟项目 I2C\实验代码版本\rkv_v2pro_i2c-RKV_I2C_TB_05\rkv_i2c_tb\seq_lib\user_virt_seqs\rkv_i2c_master_rx_full_intr_virt_seq.sv [7 ms, 72 lines, SystemVerilog_2012] ...
Loading (277) E:\Users\hp\Desktop\路科验证_V2课程资料(1)\虚拟项目 I2C\虚拟项目 I2C\实验代码版本\rkv_v2pro_i2c-RKV_I2C_TB_05\rkv_i2c_tb\seq_lib\user_virt_seqs\rkv_i2c_master_tx_abrt_intr_virt_seq.sv ...
Done E:\Users\hp\Desktop\路科验证_V2课程资料(1)\虚拟项目 I2C\虚拟项目 I2C\实验代码版本\rkv_v2pro_i2c-RKV_I2C_TB_05\rkv_i2c_tb\seq_lib\user_virt_seqs\rkv_i2c_master_tx_abrt_intr_virt_seq.sv [2 ms, 75 lines, SystemVerilog_2012] ...
Loading (278) E:\Users\hp\Desktop\路科验证_V2课程资料(1)\虚拟项目 I2C\虚拟项目 I2C\实验代码版本\rkv_v2pro_i2c-RKV_I2C_TB_05\rkv_i2c_tb\seq_lib\user_virt_seqs\rkv_i2c_master_tx_full_intr_virt_seq.sv ...
Done E:\Users\hp\Desktop\路科验证_V2课程资料(1)\虚拟项目 I2C\虚拟项目 I2C\实验代码版本\rkv_v2pro_i2c-RKV_I2C_TB_05\rkv_i2c_tb\seq_lib\user_virt_seqs\rkv_i2c_master_tx_full_intr_virt_seq.sv [16 ms, 53 lines, SystemVerilog_2012] ...
Loading (279) E:\Users\hp\Desktop\路科验证_V2课程资料(1)\虚拟项目 I2C\虚拟项目 I2C\实验代码版本\rkv_v2pro_i2c-RKV_I2C_TB_05\rkv_i2c_tb\seq_lib\user_virt_seqs\rkv_i2c_master_activity_intr_output_virt_seq.sv ...
Done E:\Users\hp\Desktop\路科验证_V2课程资料(1)\虚拟项目 I2C\虚拟项目 I2C\实验代码版本\rkv_v2pro_i2c-RKV_I2C_TB_05\rkv_i2c_tb\seq_lib\user_virt_seqs\rkv_i2c_master_activity_intr_output_virt_seq.sv [27 ms, 63 lines, SystemVerilog_2012] ...
Loading (280) E:\Users\hp\Desktop\路科验证_V2课程资料(1)\虚拟项目 I2C\虚拟项目 I2C\实验代码版本\rkv_v2pro_i2c-RKV_I2C_TB_05\rkv_i2c_tb\seq_lib\user_virt_seqs\rkv_i2c_master_abrt_7b_addr_noack_virt_seq.sv ...
Done E:\Users\hp\Desktop\路科验证_V2课程资料(1)\虚拟项目 I2C\虚拟项目 I2C\实验代码版本\rkv_v2pro_i2c-RKV_I2C_TB_05\rkv_i2c_tb\seq_lib\user_virt_seqs\rkv_i2c_master_abrt_7b_addr_noack_virt_seq.sv [10 ms, 71 lines, SystemVerilog_2012] ...
Loading (281) E:\Users\hp\Desktop\路科验证_V2课程资料(1)\虚拟项目 I2C\虚拟项目 I2C\实验代码版本\rkv_v2pro_i2c-RKV_I2C_TB_05\rkv_i2c_tb\seq_lib\user_virt_seqs\rkv_i2c_master_abrt_sbyte_norstrt_virt_seq.sv ...
Done E:\Users\hp\Desktop\路科验证_V2课程资料(1)\虚拟项目 I2C\虚拟项目 I2C\实验代码版本\rkv_v2pro_i2c-RKV_I2C_TB_05\rkv_i2c_tb\seq_lib\user_virt_seqs\rkv_i2c_master_abrt_sbyte_norstrt_virt_seq.sv [8 ms, 74 lines, SystemVerilog_2012] ...
Loading (282) E:\Users\hp\Desktop\路科验证_V2课程资料(1)\虚拟项目 I2C\虚拟项目 I2C\实验代码版本\rkv_v2pro_i2c-RKV_I2C_TB_05\rkv_i2c_tb\seq_lib\user_virt_seqs\rkv_i2c_master_abrt_txdata_noack_virt_seq.sv ...
Done E:\Users\hp\Desktop\路科验证_V2课程资料(1)\虚拟项目 I2C\虚拟项目 I2C\实验代码版本\rkv_v2pro_i2c-RKV_I2C_TB_05\rkv_i2c_tb\seq_lib\user_virt_seqs\rkv_i2c_master_abrt_txdata_noack_virt_seq.sv [10 ms, 68 lines, SystemVerilog_2012] ...
Loading (283) E:\Users\hp\Desktop\路科验证_V2课程资料(1)\虚拟项目 I2C\虚拟项目 I2C\实验代码版本\rkv_v2pro_i2c-RKV_I2C_TB_05\rkv_i2c_tb\seq_lib\user_virt_seqs\rkv_i2c_master_abrt_10b_rd_norstrt_virt_seq.sv ...
Done E:\Users\hp\Desktop\路科验证_V2课程资料(1)\虚拟项目 I2C\虚拟项目 I2C\实验代码版本\rkv_v2pro_i2c-RKV_I2C_TB_05\rkv_i2c_tb\seq_lib\user_virt_seqs\rkv_i2c_master_abrt_10b_rd_norstrt_virt_seq.sv [8 ms, 57 lines, SystemVerilog_2012] ...
Loading (284) E:\Users\hp\Desktop\路科验证_V2课程资料(1)\虚拟项目 I2C\虚拟项目 I2C\实验代码版本\rkv_v2pro_i2c-RKV_I2C_TB_05\rkv_i2c_tb\seq_lib\user_virt_seqs\rkv_i2c_master_ss_cnt_virt_seq.sv ...
Done E:\Users\hp\Desktop\路科验证_V2课程资料(1)\虚拟项目 I2C\虚拟项目 I2C\实验代码版本\rkv_v2pro_i2c-RKV_I2C_TB_05\rkv_i2c_tb\seq_lib\user_virt_seqs\rkv_i2c_master_ss_cnt_virt_seq.sv [18 ms, 110 lines, SystemVerilog_2012] ...
Loading (285) E:\Users\hp\Desktop\路科验证_V2课程资料(1)\虚拟项目 I2C\虚拟项目 I2C\实验代码版本\rkv_v2pro_i2c-RKV_I2C_TB_05\rkv_i2c_tb\seq_lib\user_virt_seqs\rkv_i2c_master_fs_cnt_virt_seq.sv ...
Done E:\Users\hp\Desktop\路科验证_V2课程资料(1)\虚拟项目 I2C\虚拟项目 I2C\实验代码版本\rkv_v2pro_i2c-RKV_I2C_TB_05\rkv_i2c_tb\seq_lib\user_virt_seqs\rkv_i2c_master_fs_cnt_virt_seq.sv [18 ms, 113 lines, SystemVerilog_2012] ...
Loading (286) E:\Users\hp\Desktop\路科验证_V2课程资料(1)\虚拟项目 I2C\虚拟项目 I2C\实验代码版本\rkv_v2pro_i2c-RKV_I2C_TB_05\rkv_i2c_tb\seq_lib\user_virt_seqs\rkv_i2c_master_hs_cnt_virt_seq.sv ...
Done E:\Users\hp\Desktop\路科验证_V2课程资料(1)\虚拟项目 I2C\虚拟项目 I2C\实验代码版本\rkv_v2pro_i2c-RKV_I2C_TB_05\rkv_i2c_tb\seq_lib\user_virt_seqs\rkv_i2c_master_hs_cnt_virt_seq.sv [12 ms, 113 lines, SystemVerilog_2012] ...
Done E:\Users\hp\Desktop\路科验证_V2课程资料(1)\虚拟项目 I2C\虚拟项目 I2C\实验代码版本\rkv_v2pro_i2c-RKV_I2C_TB_05\rkv_i2c_tb\seq_lib\user_virt_seqs\rkv_i2c_user_virtual_sequences.svh [0 ms, 39 lines, SystemVerilog_2012] ...
Loading (287) E:\Users\hp\Desktop\路科验证_V2课程资料(1)\虚拟项目 I2C\虚拟项目 I2C\实验代码版本\rkv_v2pro_i2c-RKV_I2C_TB_05\rkv_i2c_tb\tests\rkv_i2c_tests.svh ...
Loading (288) E:\Users\hp\Desktop\路科验证_V2课程资料(1)\虚拟项目 I2C\虚拟项目 I2C\实验代码版本\rkv_v2pro_i2c-RKV_I2C_TB_05\rkv_i2c_tb\tests\rkv_i2c_base_test.sv ...
Done E:\Users\hp\Desktop\路科验证_V2课程资料(1)\虚拟项目 I2C\虚拟项目 I2C\实验代码版本\rkv_v2pro_i2c-RKV_I2C_TB_05\rkv_i2c_tb\tests\rkv_i2c_base_test.sv [1 ms, 44 lines, SystemVerilog_2012] ...
Loading (289) E:\Users\hp\Desktop\路科验证_V2课程资料(1)\虚拟项目 I2C\虚拟项目 I2C\实验代码版本\rkv_v2pro_i2c-RKV_I2C_TB_05\rkv_i2c_tb\tests\rkv_i2c_quick_reg_access_test.sv ...
Done E:\Users\hp\Desktop\路科验证_V2课程资料(1)\虚拟项目 I2C\虚拟项目 I2C\实验代码版本\rkv_v2pro_i2c-RKV_I2C_TB_05\rkv_i2c_tb\tests\rkv_i2c_quick_reg_access_test.sv [2 ms, 33 lines, SystemVerilog_2012] ...
Loading (290) E:\Users\hp\Desktop\路科验证_V2课程资料(1)\虚拟项目 I2C\虚拟项目 I2C\实验代码版本\rkv_v2pro_i2c-RKV_I2C_TB_05\rkv_i2c_tb\tests\rkv_i2c_reg_hw_reset_test.sv ...
Done E:\Users\hp\Desktop\路科验证_V2课程资料(1)\虚拟项目 I2C\虚拟项目 I2C\实验代码版本\rkv_v2pro_i2c-RKV_I2C_TB_05\rkv_i2c_tb\tests\rkv_i2c_reg_hw_reset_test.sv [1 ms, 32 lines, SystemVerilog_2012] ...
Loading (291) E:\Users\hp\Desktop\路科验证_V2课程资料(1)\虚拟项目 I2C\虚拟项目 I2C\实验代码版本\rkv_v2pro_i2c-RKV_I2C_TB_05\rkv_i2c_tb\tests\rkv_i2c_reg_bit_bash_test.sv ...
Done E:\Users\hp\Desktop\路科验证_V2课程资料(1)\虚拟项目 I2C\虚拟项目 I2C\实验代码版本\rkv_v2pro_i2c-RKV_I2C_TB_05\rkv_i2c_tb\tests\rkv_i2c_reg_bit_bash_test.sv [2 ms, 32 lines, SystemVerilog_2012] ...
Loading (292) E:\Users\hp\Desktop\路科验证_V2课程资料(1)\虚拟项目 I2C\虚拟项目 I2C\实验代码版本\rkv_v2pro_i2c-RKV_I2C_TB_05\rkv_i2c_tb\tests\rkv_i2c_reg_access_test.sv ...
Done E:\Users\hp\Desktop\路科验证_V2课程资料(1)\虚拟项目 I2C\虚拟项目 I2C\实验代码版本\rkv_v2pro_i2c-RKV_I2C_TB_05\rkv_i2c_tb\tests\rkv_i2c_reg_access_test.sv [2 ms, 32 lines, SystemVerilog_2012] ...
Loading (293) E:\Users\hp\Desktop\路科验证_V2课程资料(1)\虚拟项目 I2C\虚拟项目 I2C\实验代码版本\rkv_v2pro_i2c-RKV_I2C_TB_05\rkv_i2c_tb\tests\rkv_i2c_master_directed_interrupt_test.sv ...
Done E:\Users\hp\Desktop\路科验证_V2课程资料(1)\虚拟项目 I2C\虚拟项目 I2C\实验代码版本\rkv_v2pro_i2c-RKV_I2C_TB_05\rkv_i2c_tb\tests\rkv_i2c_master_directed_interrupt_test.sv [1 ms, 32 lines, SystemVerilog_2012] ...
Loading (294) E:\Users\hp\Desktop\路科验证_V2课程资料(1)\虚拟项目 I2C\虚拟项目 I2C\实验代码版本\rkv_v2pro_i2c-RKV_I2C_TB_05\rkv_i2c_tb\tests\rkv_i2c_master_directed_write_packet_test.sv ...
Done E:\Users\hp\Desktop\路科验证_V2课程资料(1)\虚拟项目 I2C\虚拟项目 I2C\实验代码版本\rkv_v2pro_i2c-RKV_I2C_TB_05\rkv_i2c_tb\tests\rkv_i2c_master_directed_write_packet_test.sv [60 ms, 32 lines, SystemVerilog_2012] ...
Loading (295) E:\Users\hp\Desktop\路科验证_V2课程资料(1)\虚拟项目 I2C\虚拟项目 I2C\实验代码版本\rkv_v2pro_i2c-RKV_I2C_TB_05\rkv_i2c_tb\tests\rkv_i2c_master_directed_read_packet_test.sv ...
Done E:\Users\hp\Desktop\路科验证_V2课程资料(1)\虚拟项目 I2C\虚拟项目 I2C\实验代码版本\rkv_v2pro_i2c-RKV_I2C_TB_05\rkv_i2c_tb\tests\rkv_i2c_master_directed_read_packet_test.sv [0 ms, 32 lines, SystemVerilog_2012] ...
Done E:\Users\hp\Desktop\路科验证_V2课程资料(1)\虚拟项目 I2C\虚拟项目 I2C\实验代码版本\rkv_v2pro_i2c-RKV_I2C_TB_05\rkv_i2c_tb\tests\rkv_i2c_tests.svh [0 ms, 16 lines, SystemVerilog_2012] ...
Loading (296) E:\Users\hp\Desktop\路科验证_V2课程资料(1)\虚拟项目 I2C\虚拟项目 I2C\实验代码版本\rkv_v2pro_i2c-RKV_I2C_TB_05\rkv_i2c_tb\tests\user_tests\rkv_i2c_user_tests.svh ...
Loading (297) E:\Users\hp\Desktop\路科验证_V2课程资料(1)\虚拟项目 I2C\虚拟项目 I2C\实验代码版本\rkv_v2pro_i2c-RKV_I2C_TB_05\rkv_i2c_tb\tests\user_tests\rkv_i2c_master_sda_control_cg_test.sv ...
Done E:\Users\hp\Desktop\路科验证_V2课程资料(1)\虚拟项目 I2C\虚拟项目 I2C\实验代码版本\rkv_v2pro_i2c-RKV_I2C_TB_05\rkv_i2c_tb\tests\user_tests\rkv_i2c_master_sda_control_cg_test.sv [0 ms, 32 lines, SystemVerilog_2012] ...
Loading (298) E:\Users\hp\Desktop\路科验证_V2课程资料(1)\虚拟项目 I2C\虚拟项目 I2C\实验代码版本\rkv_v2pro_i2c-RKV_I2C_TB_05\rkv_i2c_tb\tests\user_tests\rkv_i2c_master_address_cg_test.sv ...
Done E:\Users\hp\Desktop\路科验证_V2课程资料(1)\虚拟项目 I2C\虚拟项目 I2C\实验代码版本\rkv_v2pro_i2c-RKV_I2C_TB_05\rkv_i2c_tb\tests\user_tests\rkv_i2c_master_address_cg_test.sv [0 ms, 32 lines, SystemVerilog_2012] ...
Loading (299) E:\Users\hp\Desktop\路科验证_V2课程资料(1)\虚拟项目 I2C\虚拟项目 I2C\实验代码版本\rkv_v2pro_i2c-RKV_I2C_TB_05\rkv_i2c_tb\tests\user_tests\rkv_i2c_master_enabled_cg_test.sv ...
Done E:\Users\hp\Desktop\路科验证_V2课程资料(1)\虚拟项目 I2C\虚拟项目 I2C\实验代码版本\rkv_v2pro_i2c-RKV_I2C_TB_05\rkv_i2c_tb\tests\user_tests\rkv_i2c_master_enabled_cg_test.sv [0 ms, 32 lines, SystemVerilog_2012] ...
Loading (300) E:\Users\hp\Desktop\路科验证_V2课程资料(1)\虚拟项目 I2C\虚拟项目 I2C\实验代码版本\rkv_v2pro_i2c-RKV_I2C_TB_05\rkv_i2c_tb\tests\user_tests\rkv_i2c_master_timeout_cg_test.sv ...
Done E:\Users\hp\Desktop\路科验证_V2课程资料(1)\虚拟项目 I2C\虚拟项目 I2C\实验代码版本\rkv_v2pro_i2c-RKV_I2C_TB_05\rkv_i2c_tb\tests\user_tests\rkv_i2c_master_timeout_cg_test.sv [0 ms, 32 lines, SystemVerilog_2012] ...
Loading (301) E:\Users\hp\Desktop\路科验证_V2课程资料(1)\虚拟项目 I2C\虚拟项目 I2C\实验代码版本\rkv_v2pro_i2c-RKV_I2C_TB_05\rkv_i2c_tb\tests\user_tests\rkv_i2c_master_start_byte_test.sv ...
Done E:\Users\hp\Desktop\路科验证_V2课程资料(1)\虚拟项目 I2C\虚拟项目 I2C\实验代码版本\rkv_v2pro_i2c-RKV_I2C_TB_05\rkv_i2c_tb\tests\user_tests\rkv_i2c_master_start_byte_test.sv [0 ms, 32 lines, SystemVerilog_2012] ...
Loading (302) E:\Users\hp\Desktop\路科验证_V2课程资料(1)\虚拟项目 I2C\虚拟项目 I2C\实验代码版本\rkv_v2pro_i2c-RKV_I2C_TB_05\rkv_i2c_tb\tests\user_tests\rkv_i2c_master_hs_master_code_test.sv ...
Done E:\Users\hp\Desktop\路科验证_V2课程资料(1)\虚拟项目 I2C\虚拟项目 I2C\实验代码版本\rkv_v2pro_i2c-RKV_I2C_TB_05\rkv_i2c_tb\tests\user_tests\rkv_i2c_master_hs_master_code_test.sv [16 ms, 32 lines, SystemVerilog_2012] ...
Loading (303) E:\Users\hp\Desktop\路科验证_V2课程资料(1)\虚拟项目 I2C\虚拟项目 I2C\实验代码版本\rkv_v2pro_i2c-RKV_I2C_TB_05\rkv_i2c_tb\tests\user_tests\rkv_i2c_master_tx_empty_intr_test.sv ...
Done E:\Users\hp\Desktop\路科验证_V2课程资料(1)\虚拟项目 I2C\虚拟项目 I2C\实验代码版本\rkv_v2pro_i2c-RKV_I2C_TB_05\rkv_i2c_tb\tests\user_tests\rkv_i2c_master_tx_empty_intr_test.sv [62 ms, 32 lines, SystemVerilog_2012] ...
Loading (304) E:\Users\hp\Desktop\路科验证_V2课程资料(1)\虚拟项目 I2C\虚拟项目 I2C\实验代码版本\rkv_v2pro_i2c-RKV_I2C_TB_05\rkv_i2c_tb\tests\user_tests\rkv_i2c_master_rx_over_intr_test.sv ...
Done E:\Users\hp\Desktop\路科验证_V2课程资料(1)\虚拟项目 I2C\虚拟项目 I2C\实验代码版本\rkv_v2pro_i2c-RKV_I2C_TB_05\rkv_i2c_tb\tests\user_tests\rkv_i2c_master_rx_over_intr_test.sv [0 ms, 32 lines, SystemVerilog_2012] ...
Loading (305) E:\Users\hp\Desktop\路科验证_V2课程资料(1)\虚拟项目 I2C\虚拟项目 I2C\实验代码版本\rkv_v2pro_i2c-RKV_I2C_TB_05\rkv_i2c_tb\tests\user_tests\rkv_i2c_master_rx_full_intr_test.sv ...
Done E:\Users\hp\Desktop\路科验证_V2课程资料(1)\虚拟项目 I2C\虚拟项目 I2C\实验代码版本\rkv_v2pro_i2c-RKV_I2C_TB_05\rkv_i2c_tb\tests\user_tests\rkv_i2c_master_rx_full_intr_test.sv [0 ms, 32 lines, SystemVerilog_2012] ...
Loading (306) E:\Users\hp\Desktop\路科验证_V2课程资料(1)\虚拟项目 I2C\虚拟项目 I2C\实验代码版本\rkv_v2pro_i2c-RKV_I2C_TB_05\rkv_i2c_tb\tests\user_tests\rkv_i2c_master_tx_abrt_intr_test.sv ...
Done E:\Users\hp\Desktop\路科验证_V2课程资料(1)\虚拟项目 I2C\虚拟项目 I2C\实验代码版本\rkv_v2pro_i2c-RKV_I2C_TB_05\rkv_i2c_tb\tests\user_tests\rkv_i2c_master_tx_abrt_intr_test.sv [0 ms, 32 lines, SystemVerilog_2012] ...
Loading (307) E:\Users\hp\Desktop\路科验证_V2课程资料(1)\虚拟项目 I2C\虚拟项目 I2C\实验代码版本\rkv_v2pro_i2c-RKV_I2C_TB_05\rkv_i2c_tb\tests\user_tests\rkv_i2c_master_tx_full_intr_test.sv ...
Done E:\Users\hp\Desktop\路科验证_V2课程资料(1)\虚拟项目 I2C\虚拟项目 I2C\实验代码版本\rkv_v2pro_i2c-RKV_I2C_TB_05\rkv_i2c_tb\tests\user_tests\rkv_i2c_master_tx_full_intr_test.sv [0 ms, 32 lines, SystemVerilog_2012] ...
Loading (308) E:\Users\hp\Desktop\路科验证_V2课程资料(1)\虚拟项目 I2C\虚拟项目 I2C\实验代码版本\rkv_v2pro_i2c-RKV_I2C_TB_05\rkv_i2c_tb\tests\user_tests\rkv_i2c_master_activity_intr_output_test.sv ...
Done E:\Users\hp\Desktop\路科验证_V2课程资料(1)\虚拟项目 I2C\虚拟项目 I2C\实验代码版本\rkv_v2pro_i2c-RKV_I2C_TB_05\rkv_i2c_tb\tests\user_tests\rkv_i2c_master_activity_intr_output_test.sv [63 ms, 32 lines, SystemVerilog_2012] ...
Loading (309) E:\Users\hp\Desktop\路科验证_V2课程资料(1)\虚拟项目 I2C\虚拟项目 I2C\实验代码版本\rkv_v2pro_i2c-RKV_I2C_TB_05\rkv_i2c_tb\tests\user_tests\rkv_i2c_master_abrt_7b_addr_noack_test.sv ...
Done E:\Users\hp\Desktop\路科验证_V2课程资料(1)\虚拟项目 I2C\虚拟项目 I2C\实验代码版本\rkv_v2pro_i2c-RKV_I2C_TB_05\rkv_i2c_tb\tests\user_tests\rkv_i2c_master_abrt_7b_addr_noack_test.sv [0 ms, 32 lines, SystemVerilog_2012] ...
Loading (310) E:\Users\hp\Desktop\路科验证_V2课程资料(1)\虚拟项目 I2C\虚拟项目 I2C\实验代码版本\rkv_v2pro_i2c-RKV_I2C_TB_05\rkv_i2c_tb\tests\user_tests\rkv_i2c_master_abrt_sbyte_norstrt_test.sv ...
Done E:\Users\hp\Desktop\路科验证_V2课程资料(1)\虚拟项目 I2C\虚拟项目 I2C\实验代码版本\rkv_v2pro_i2c-RKV_I2C_TB_05\rkv_i2c_tb\tests\user_tests\rkv_i2c_master_abrt_sbyte_norstrt_test.sv [0 ms, 32 lines, SystemVerilog_2012] ...
Loading (311) E:\Users\hp\Desktop\路科验证_V2课程资料(1)\虚拟项目 I2C\虚拟项目 I2C\实验代码版本\rkv_v2pro_i2c-RKV_I2C_TB_05\rkv_i2c_tb\tests\user_tests\rkv_i2c_master_abrt_txdata_noack_test.sv ...
Done E:\Users\hp\Desktop\路科验证_V2课程资料(1)\虚拟项目 I2C\虚拟项目 I2C\实验代码版本\rkv_v2pro_i2c-RKV_I2C_TB_05\rkv_i2c_tb\tests\user_tests\rkv_i2c_master_abrt_txdata_noack_test.sv [0 ms, 31 lines, SystemVerilog_2012] ...
Loading (312) E:\Users\hp\Desktop\路科验证_V2课程资料(1)\虚拟项目 I2C\虚拟项目 I2C\实验代码版本\rkv_v2pro_i2c-RKV_I2C_TB_05\rkv_i2c_tb\tests\user_tests\rkv_i2c_master_abrt_10b_rd_norstrt_test.sv ...
Done E:\Users\hp\Desktop\路科验证_V2课程资料(1)\虚拟项目 I2C\虚拟项目 I2C\实验代码版本\rkv_v2pro_i2c-RKV_I2C_TB_05\rkv_i2c_tb\tests\user_tests\rkv_i2c_master_abrt_10b_rd_norstrt_test.sv [0 ms, 32 lines, SystemVerilog_2012] ...
Loading (313) E:\Users\hp\Desktop\路科验证_V2课程资料(1)\虚拟项目 I2C\虚拟项目 I2C\实验代码版本\rkv_v2pro_i2c-RKV_I2C_TB_05\rkv_i2c_tb\tests\user_tests\rkv_i2c_master_ss_cnt_test.sv ...
Done E:\Users\hp\Desktop\路科验证_V2课程资料(1)\虚拟项目 I2C\虚拟项目 I2C\实验代码版本\rkv_v2pro_i2c-RKV_I2C_TB_05\rkv_i2c_tb\tests\user_tests\rkv_i2c_master_ss_cnt_test.sv [0 ms, 32 lines, SystemVerilog_2012] ...
Loading (314) E:\Users\hp\Desktop\路科验证_V2课程资料(1)\虚拟项目 I2C\虚拟项目 I2C\实验代码版本\rkv_v2pro_i2c-RKV_I2C_TB_05\rkv_i2c_tb\tests\user_tests\rkv_i2c_master_fs_cnt_test.sv ...
Done E:\Users\hp\Desktop\路科验证_V2课程资料(1)\虚拟项目 I2C\虚拟项目 I2C\实验代码版本\rkv_v2pro_i2c-RKV_I2C_TB_05\rkv_i2c_tb\tests\user_tests\rkv_i2c_master_fs_cnt_test.sv [0 ms, 32 lines, SystemVerilog_2012] ...
Loading (315) E:\Users\hp\Desktop\路科验证_V2课程资料(1)\虚拟项目 I2C\虚拟项目 I2C\实验代码版本\rkv_v2pro_i2c-RKV_I2C_TB_05\rkv_i2c_tb\tests\user_tests\rkv_i2c_master_hs_cnt_test.sv ...
Done E:\Users\hp\Desktop\路科验证_V2课程资料(1)\虚拟项目 I2C\虚拟项目 I2C\实验代码版本\rkv_v2pro_i2c-RKV_I2C_TB_05\rkv_i2c_tb\tests\user_tests\rkv_i2c_master_hs_cnt_test.sv [15 ms, 32 lines, SystemVerilog_2012] ...
Done E:\Users\hp\Desktop\路科验证_V2课程资料(1)\虚拟项目 I2C\虚拟项目 I2C\实验代码版本\rkv_v2pro_i2c-RKV_I2C_TB_05\rkv_i2c_tb\tests\user_tests\rkv_i2c_user_tests.svh [0 ms, 39 lines, SystemVerilog_2012] ...
Done E:\Users\hp\Desktop\路科验证_V2课程资料(1)\虚拟项目 I2C\虚拟项目 I2C\实验代码版本\rkv_v2pro_i2c-RKV_I2C_TB_05\rkv_i2c_tb\env\rkv_i2c_pkg.sv [0 ms, 29 lines, SystemVerilog_2012] ...
Loading (316) E:\Users\hp\Desktop\路科验证_V2课程资料(1)\虚拟项目 I2C\虚拟项目 I2C\实验代码版本\rkv_v2pro_i2c-RKV_I2C_TB_05\rkv_i2c_tb\tb\rkv_i2c_if.sv ...
Skip (optimized) E:\dvt_eclipse\predefined_projects\libs\uvm-1.2\src\uvm_macros.svh ...
Done E:\Users\hp\Desktop\路科验证_V2课程资料(1)\虚拟项目 I2C\虚拟项目 I2C\实验代码版本\rkv_v2pro_i2c-RKV_I2C_TB_05\rkv_i2c_tb\tb\rkv_i2c_if.sv [0 ms, 86 lines, SystemVerilog_2012] ...
Loading (317) E:\Users\hp\Desktop\路科验证_V2课程资料(1)\虚拟项目 I2C\虚拟项目 I2C\实验代码版本\rkv_v2pro_i2c-RKV_I2C_TB_05\rkv_i2c_tb\tb\rkv_i2c_tb.sv ...
Skip (optimized) E:\dvt_eclipse\predefined_projects\libs\uvm-1.2\src\uvm_macros.svh ...
Done E:\Users\hp\Desktop\路科验证_V2课程资料(1)\虚拟项目 I2C\虚拟项目 I2C\实验代码版本\rkv_v2pro_i2c-RKV_I2C_TB_05\rkv_i2c_tb\tb\rkv_i2c_tb.sv [0 ms, 137 lines, SystemVerilog_2012] ...
*** Done parsing [LT 3736.0 ms, PT 4009.0 ms, SGT 11%, UGT 10%] ***
*** Total number of lines [111 902] ***
Performing post full build actions ...
Performing post full build step 1 (SRI) [0 ms] ...
Performing post full build step 2 (RI) [21 ms] ...
Performing post full build step 3 (RCP) [21 ms] ...
*** Done SystemVerilog build [4s.146ms] ***
*** Start mixed mode extension build ***
Performing mixed post full build step 1 (Verilog - RI) [16 ms] ...
Performing mixed post full build step 2 (Verilog - RC) [0 ms] ...
Performing mixed post full build step 3 (Verilog - RPC) [31 ms] ...
Performing mixed post full build step 4 (Verilog - RD) [63 ms] ...
Performing mixed post full build step 5 (Verilog - FSC) [980 ms] ...
Performing mixed post full build step 6 (Verilog - EV) [315 ms] ...
Performing mixed post full build step 7 (Verilog - US) [64 ms] ...
*** Done mixed mode extension build [1s.483ms] ***
*** Start adding/validating the DVT Auto-Linked resources ***
*** Done adding/validating the DVT Auto-Linked resources [16 ms] ***
*** Total build time [5s.683ms] ***
